#
# A fatal error has been detected by the Java Runtime Environment:
#
#  EXCEPTION_ACCESS_VIOLATION (0xc0000005) at pc=0x000007fec4a9b1f4, pid=7848, tid=1816
#
# JRE version: OpenJDK Runtime Environment (11.0.8+10) (build 11.0.8+10-b944.6842174)
# Java VM: OpenJDK 64-Bit Server VM (11.0.8+10-b944.6842174, mixed mode, tiered, compressed oops, g1 gc, windows-amd64)
# Problematic frame:
# V  [jvm.dll+0x60b1f4]
#
# No core dump will be written. Minidumps are not enabled by default on client versions of Windows
#
# If you would like to submit a bug report, please visit:
#   https://bugreport.java.com/bugreport/crash.jsp
#

---------------  S U M M A R Y ------------

Command Line: --add-opens=java.base/java.util=ALL-UNNAMED --add-opens=java.base/java.lang=ALL-UNNAMED --add-opens=java.base/java.lang.invoke=ALL-UNNAMED --add-opens=java.prefs/java.util.prefs=ALL-UNNAMED -Xmx1536M -Dfile.encoding=x-windows-950 -Duser.country=HK -Duser.language=zh -Duser.variant org.gradle.launcher.daemon.bootstrap.GradleDaemon 6.7

Host: Intel(R) Core(TM) i5-2430M CPU @ 2.40GHz, 4 cores, 7G,  Windows 7 , 64 bit Build 7601 (6.1.7601.24545)
Time: Tue Jul 13 14:36:59 2021 ??¢Xe?D¡PCRE?! elapsed time: 164 seconds (0d 0h 2m 44s)

---------------  T H R E A D  ---------------

Current thread (0x000000002234b800):  JavaThread "C2 CompilerThread1" daemon [_thread_in_native, id=1816, stack(0x0000000025b90000,0x0000000025c90000)]


Current CompileTask:
C2: 164511 6811 %     4       org.gradle.internal.instantiation.generator.AbstractClassGenerator::inspectType @ 207 (560 bytes)

Stack: [0x0000000025b90000,0x0000000025c90000],  sp=0x0000000025c8bbe0,  free space=1006k
Native frames: (J=compiled Java code, j=interpreted, Vv=VM code, C=native code)
V  [jvm.dll+0x60b1f4]
V  [jvm.dll+0x1f8b01]
V  [jvm.dll+0x1f685f]
V  [jvm.dll+0x17f32c]
V  [jvm.dll+0x205047]
V  [jvm.dll+0x203891]
V  [jvm.dll+0x6dad3f]
V  [jvm.dll+0x6d3895]
V  [jvm.dll+0x5dd4a6]
C  [ucrtbase.DLL+0x1f4a0]
C  [kernel32.dll+0x1556d]
C  [ntdll.dll+0x5372d]


siginfo: EXCEPTION_ACCESS_VIOLATION (0xc0000005), reading address 0xffffffffffffffff


Register to memory mapping:

RIP=0x000007fec4a9b1f4 jvm.dll
RAX=0x000007fec4cecb68 jvm.dll
RBX=0x0000000025c8d1d8 is pointing into the stack for thread: 0x000000002234b800
RCX=0x0000000025c8d1f8 is pointing into the stack for thread: 0x000000002234b800
RDX=0x000007fec4cd5718 jvm.dll
RSP=0x0000000025c8bbe0 is pointing into the stack for thread: 0x000000002234b800
RBP=0x000000000000031e is an unknown value
RSI=0x010000001db37c98 is an unknown value
RDI=0x0000000025c8c800 is pointing into the stack for thread: 0x000000002234b800
R8 =0x0 is NULL
R9 =0x0000000031ca5b80 points into unknown readable memory: 90 be 54 1c 00 00 00 00
R10=0xffffffffffffffff is an unknown value
R11=0x000000001db37c98 points into unknown readable memory: 00 31 c6 c4 fe 07 00 00
R12=0x0 is NULL
R13=0x000000001d9ffe18 points into unknown readable memory: 00 b8 34 22 00 00 00 00
R14=0x0000000030368420 points into unknown readable memory: 58 6b cd c4 fe 07 00 00
R15=0x000000000000031e is an unknown value


Registers:
RAX=0x000007fec4cecb68, RBX=0x0000000025c8d1d8, RCX=0x0000000025c8d1f8, RDX=0x000007fec4cd5718
RSP=0x0000000025c8bbe0, RBP=0x000000000000031e, RSI=0x010000001db37c98, RDI=0x0000000025c8c800
R8 =0x0000000000000000, R9 =0x0000000031ca5b80, R10=0xffffffffffffffff, R11=0x000000001db37c98
R12=0x0000000000000000, R13=0x000000001d9ffe18, R14=0x0000000030368420, R15=0x000000000000031e
RIP=0x000007fec4a9b1f4, EFLAGS=0x0000000000010202

Top of Stack: (sp=0x0000000025c8bbe0)
0x0000000025c8bbe0:   000000000000031d 000000001e510788
0x0000000025c8bbf0:   0000000025c8d1d8 000000001f080310
0x0000000025c8bc00:   0000000030054b90 000000001f080310
0x0000000025c8bc10:   0000000000000000 000007fec4688b01
0x0000000025c8bc20:   000007fec4c8bd68 0000000025c8bd20
0x0000000025c8bc30:   0000000025c8e940 000007fec4c8c050
0x0000000025c8bc40:   0000000000000000 000007fec4490000
0x0000000025c8bc50:   0000000025c80000 0000000000000000
0x0000000025c8bc60:   00000000317eea00 000007fe00000000
0x0000000025c8bc70:   000007fec4c66b78 000007fec4c8c050
0x0000000025c8bc80:   0000000000000000 0000000025c8e940
0x0000000025c8bc90:   0000000000000000 000007fec4c8c050
0x0000000025c8bca0:   000000002fcced00 0000000000000000
0x0000000025c8bcb0:   0000000000000000 0000000000000000
0x0000000025c8bcc0:   0000000025c8dee0 0000000000000000
0x0000000025c8bcd0:   00000000303d5390 000007fec4c5d78b 

Instructions: (pc=0x000007fec4a9b1f4)
0x000007fec4a9b0f4:   0d 07 4f 9f ff 48 c1 e0 05 4e 63 84 08 64 c6 99
0x000007fec4a9b104:   00 41 83 f8 0e 74 1d 41 83 f8 13 7d 17 4b 3b 94
0x000007fec4a9b114:   c1 c0 8d a1 00 0f 94 c0 84 c0 74 08 41 8b d0 e9
0x000007fec4a9b124:   38 18 00 00 48 8b 01 48 ff 20 48 8b 52 18 e9 29
0x000007fec4a9b134:   ff ff ff 8b 52 18 e9 e1 fd ff ff 48 8b 41 10 48
0x000007fec4a9b144:   8b 80 40 02 00 00 c3 cc cc cc cc cc 40 57 41 54
0x000007fec4a9b154:   41 57 48 83 ec 20 45 33 e4 48 8b f9 45 8b fc 44
0x000007fec4a9b164:   39 a1 f0 09 00 00 0f 84 4b 01 00 00 48 89 5c 24
0x000007fec4a9b174:   40 48 89 6c 24 48 48 89 74 24 50 4c 89 74 24 58
0x000007fec4a9b184:   48 8b 5f 10 8b 05 12 3a 37 00 03 c0 2b 83 d0 01
0x000007fec4a9b194:   00 00 03 83 a8 01 00 00 3b 43 60 0f 87 d5 00 00
0x000007fec4a9b1a4:   00 48 8d 9f d8 09 00 00 8b 43 18 39 43 40 72 04
0x000007fec4a9b1b4:   44 89 63 40 8b 6b 40 ff c8 48 8b 4b 10 48 8b 34
0x000007fec4a9b1c4:   e9 89 43 18 4c 8b 34 c1 3b 6b 08 72 0a 8b d5 48
0x000007fec4a9b1d4:   8b cb e8 25 31 fb ff 48 8b 43 10 4c 89 34 e8 44
0x000007fec4a9b1e4:   39 63 18 74 03 ff 43 40 48 8b 43 20 48 8d 4b 20
0x000007fec4a9b1f4:   8b 56 28 ff 50 20 48 8b 47 10 41 ff c7 44 8b 80
0x000007fec4a9b204:   a8 01 00 00 44 2b 80 d0 01 00 00 49 c1 e0 0a 41
0x000007fec4a9b214:   8b c7 49 3b c0 73 34 44 39 66 20 74 0e 48 8b 07
0x000007fec4a9b224:   48 8b d6 48 8b cf ff 50 38 eb 11 4c 39 66 10 74
0x000007fec4a9b234:   0b 48 8b d6 48 8b cf e8 20 01 00 00 44 39 a7 f0
0x000007fec4a9b244:   09 00 00 0f 85 37 ff ff ff eb 58 48 8b 5f 10 48
0x000007fec4a9b254:   8d 15 3e 1b 25 00 44 38 25 21 68 37 00 41 0f 94
0x000007fec4a9b264:   c0 48 8b 8b 50 01 00 00 e8 8f 0e b9 ff 48 8d 15
0x000007fec4a9b274:   20 1b 25 00 eb 25 44 38 25 01 68 37 00 48 8d 15
0x000007fec4a9b284:   00 1b 25 00 48 8b 8b 50 01 00 00 41 0f 94 c0 e8
0x000007fec4a9b294:   68 0e b9 ff 48 8d 15 e9 1a 25 00 48 8b cb e8 f9
0x000007fec4a9b2a4:   4a bf ff 48 8b 74 24 50 48 8b 6c 24 48 48 8b 5c
0x000007fec4a9b2b4:   24 40 4c 8b 74 24 58 48 83 c4 20 41 5f 41 5c 5f
0x000007fec4a9b2c4:   c3 cc cc cc cc cc cc cc cc cc cc cc 48 89 5c 24
0x000007fec4a9b2d4:   08 48 89 6c 24 10 48 89 74 24 18 57 41 56 41 57
0x000007fec4a9b2e4:   48 83 ec 20 48 8b 02 48 8b f9 48 8b ca 4d 8b f0 


Stack slot to memory mapping:
stack at sp + 0 slots: 0x000000000000031d is an unknown value
stack at sp + 1 slots: 0x000000001e510788 points into unknown readable memory: b8 98 cd c4 fe 07 00 00
stack at sp + 2 slots: 0x0000000025c8d1d8 is pointing into the stack for thread: 0x000000002234b800
stack at sp + 3 slots: 0x000000001f080310 points into unknown readable memory: 06 00 00 00 fe 07 00 00
stack at sp + 4 slots: 0x0000000030054b90 points into unknown readable memory: 00 00 00 00 00 00 00 00
stack at sp + 5 slots: 0x000000001f080310 points into unknown readable memory: 06 00 00 00 fe 07 00 00
stack at sp + 6 slots: 0x0 is NULL
stack at sp + 7 slots: 0x000007fec4688b01 jvm.dll


---------------  P R O C E S S  ---------------

Threads class SMR info:
_java_thread_list=0x0000000022caf480, length=128, elements={
0x000000000048b800, 0x000000001c4fa000, 0x000000001c4fb000, 0x000000001c524800,
0x000000001c527800, 0x000000001c52a800, 0x000000001c52f000, 0x000000001c540800,
0x000000001d0aa800, 0x000000001d0ae000, 0x000000001ece2000, 0x000000001eaf0800,
0x000000001d99d000, 0x000000001e391000, 0x000000001d26b800, 0x000000001da73000,
0x000000001dddc800, 0x000000001d1fc800, 0x000000001d1fd000, 0x000000001d3a7800,
0x000000001eedf800, 0x000000001eee0800, 0x000000001eee1000, 0x000000001eee2000,
0x000000001eee3000, 0x000000001eee3800, 0x000000001eee4800, 0x000000001eee5800,
0x00000000225ab800, 0x00000000225af800, 0x00000000225b0800, 0x00000000225b1800,
0x00000000225b2000, 0x000000001eb41000, 0x000000001f6db000, 0x000000001f6db800,
0x000000001f6dc800, 0x000000001f6dd800, 0x000000001f6de000, 0x000000001f6df000,
0x000000001f6e0000, 0x000000001d213000, 0x000000001d214000, 0x000000001d214800,
0x000000001d215800, 0x000000001d216800, 0x000000001d217000, 0x000000001d218000,
0x000000001d219000, 0x000000001d219800, 0x000000001eda3000, 0x000000001eda3800,
0x000000001eda4800, 0x000000001eda5000, 0x000000001eda6000, 0x000000001eda7000,
0x000000001eda7800, 0x000000001eda8800, 0x000000001eda9800, 0x000000001eb4e000,
0x000000001eb4f000, 0x000000001eb4f800, 0x000000001eb50800, 0x000000001eb51800,
0x000000001eb52000, 0x000000001eb53000, 0x000000001eb54000, 0x000000001eb54800,
0x0000000022480000, 0x0000000022481000, 0x0000000022481800, 0x0000000022482800,
0x0000000022483800, 0x0000000022484000, 0x0000000022485000, 0x0000000022485800,
0x0000000022486800, 0x000000001f815800, 0x000000001f816800, 0x000000001f817800,
0x000000001f818000, 0x000000001f819000, 0x000000001f81a000, 0x000000001f81a800,
0x000000001f81b800, 0x000000001f81c800, 0x000000001fe03000, 0x000000001fe04000,
0x000000001fe04800, 0x000000001fe05800, 0x000000001fe06800, 0x000000001fe07000,
0x000000001fe08000, 0x000000001fe08800, 0x000000001fe09800, 0x0000000020504000,
0x0000000020505000, 0x0000000020506000, 0x0000000020506800, 0x0000000020507800,
0x0000000020508000, 0x0000000020509000, 0x000000002050a000, 0x000000002050a800,
0x000000001ef77800, 0x000000001ef78800, 0x000000001ef79000, 0x000000001ef7a000,
0x000000001ef7b000, 0x000000001ef7b800, 0x000000001ef7c800, 0x000000001ef7d000,
0x000000001ef7e000, 0x000000001fc31800, 0x000000001fc32800, 0x000000001fc33800,
0x000000001fc34000, 0x000000001fc35000, 0x000000001fc36000, 0x000000001fc36800,
0x000000001fc37800, 0x000000001fc38800, 0x000000001dc14000, 0x000000001dc15000,
0x000000001dc15800, 0x000000001dc16800, 0x000000001dc18000, 0x000000002234b800
}

Java Threads: ( => current thread )
  0x000000000048b800 JavaThread "main" [_thread_blocked, id=4036, stack(0x0000000001dc0000,0x0000000001ec0000)]
  0x000000001c4fa000 JavaThread "Reference Handler" daemon [_thread_blocked, id=7476, stack(0x000000001c870000,0x000000001c970000)]
  0x000000001c4fb000 JavaThread "Finalizer" daemon [_thread_blocked, id=1916, stack(0x000000001c770000,0x000000001c870000)]
  0x000000001c524800 JavaThread "Signal Dispatcher" daemon [_thread_blocked, id=6472, stack(0x000000001cae0000,0x000000001cbe0000)]
  0x000000001c527800 JavaThread "Attach Listener" daemon [_thread_blocked, id=6132, stack(0x000000001cce0000,0x000000001cde0000)]
  0x000000001c52a800 JavaThread "C2 CompilerThread0" daemon [_thread_in_native, id=7524, stack(0x000000001ced0000,0x000000001cfd0000)]
  0x000000001c52f000 JavaThread "C1 CompilerThread0" daemon [_thread_blocked, id=5512, stack(0x000000001cbe0000,0x000000001cce0000)]
  0x000000001c540800 JavaThread "Sweeper thread" daemon [_thread_blocked, id=1064, stack(0x000000001b780000,0x000000001b880000)]
  0x000000001d0aa800 JavaThread "Common-Cleaner" daemon [_thread_blocked, id=7292, stack(0x000000001d3e0000,0x000000001d4e0000)]
  0x000000001d0ae000 JavaThread "Service Thread" daemon [_thread_blocked, id=4528, stack(0x000000001d610000,0x000000001d710000)]
  0x000000001ece2000 JavaThread "Daemon health stats" [_thread_blocked, id=8012, stack(0x0000000020730000,0x0000000020830000)]
  0x000000001eaf0800 JavaThread "Incoming local TCP Connector on port 53207" [_thread_in_native, id=7864, stack(0x0000000020bc0000,0x0000000020cc0000)]
  0x000000001d99d000 JavaThread "Daemon periodic checks" [_thread_blocked, id=7048, stack(0x0000000020e00000,0x0000000020f00000)]
  0x000000001e391000 JavaThread "Daemon" [_thread_blocked, id=5028, stack(0x0000000020ce0000,0x0000000020de0000)]
  0x000000001d26b800 JavaThread "Handler for socket connection from /127.0.0.1:53207 to /127.0.0.1:53208" [_thread_in_native, id=7040, stack(0x0000000021270000,0x0000000021370000)]
  0x000000001da73000 JavaThread "Cancel handler" [_thread_blocked, id=1052, stack(0x0000000021100000,0x0000000021200000)]
  0x000000001dddc800 JavaThread "Daemon worker" [_thread_in_vm, id=3604, stack(0x0000000021530000,0x0000000021630000)]
  0x000000001d1fc800 JavaThread "Asynchronous log dispatcher for DefaultDaemonConnection: socket connection from /127.0.0.1:53207 to /127.0.0.1:53208" [_thread_blocked, id=4604, stack(0x00000000213d0000,0x00000000214d0000)]
  0x000000001d1fd000 JavaThread "Stdin handler" [_thread_blocked, id=5592, stack(0x0000000021730000,0x0000000021830000)]
  0x000000001d3a7800 JavaThread "Thread-8" [_thread_blocked, id=7816, stack(0x00000000218b0000,0x00000000219b0000)]
  0x000000001eedf800 JavaThread "Cache worker for file hash cache (C:\Users\Vicki\.gradle\caches\6.7\fileHashes)" [_thread_blocked, id=8148, stack(0x0000000021630000,0x0000000021730000)]
  0x000000001eee0800 JavaThread "File lock request listener" [_thread_in_native, id=7960, stack(0x0000000021d50000,0x0000000021e50000)]
  0x000000001eee1000 JavaThread "Cache worker for journal cache (C:\Users\Vicki\.gradle\caches\journal-1)" [_thread_blocked, id=5104, stack(0x0000000021ed0000,0x0000000021fd0000)]
  0x000000001eee2000 JavaThread "Cache worker for file hash cache (C:\dev2\flutterup\moving_puzzle\android\.gradle\6.7\fileHashes)" [_thread_blocked, id=7764, stack(0x0000000023530000,0x0000000023630000)]
  0x000000001eee3000 JavaThread "Cache worker for checksums cache (C:\dev2\flutterup\moving_puzzle\android\.gradle\checksums)" [_thread_blocked, id=4556, stack(0x0000000023900000,0x0000000023a00000)]
  0x000000001eee3800 JavaThread "Cache worker for cache directory md-supplier (C:\Users\Vicki\.gradle\caches\6.7\md-supplier)" [_thread_blocked, id=3468, stack(0x0000000023420000,0x0000000023520000)]
  0x000000001eee4800 JavaThread "Cache worker for cache directory md-rule (C:\Users\Vicki\.gradle\caches\6.7\md-rule)" [_thread_blocked, id=7308, stack(0x0000000023b00000,0x0000000023c00000)]
  0x000000001eee5800 JavaThread "Cache worker for execution history cache (C:\Users\Vicki\.gradle\caches\6.7\executionHistory)" [_thread_blocked, id=6976, stack(0x0000000023c40000,0x0000000023d40000)]
  0x00000000225ab800 JavaThread "Cache worker for file content cache (C:\Users\Vicki\.gradle\caches\6.7\fileContent)" [_thread_blocked, id=7200, stack(0x0000000024270000,0x0000000024370000)]
  0x00000000225af800 JavaThread "Cache worker for Build Output Cleanup Cache (C:\dev2\flutterup\moving_puzzle\android\.gradle\buildOutputCleanup)" [_thread_blocked, id=2140, stack(0x0000000024e70000,0x0000000024f70000)]
  0x00000000225b0800 JavaThread "Build operations" [_thread_blocked, id=5784, stack(0x0000000024fc0000,0x00000000250c0000)]
  0x00000000225b1800 JavaThread "Build operations Thread 2" [_thread_blocked, id=3948, stack(0x00000000251a0000,0x00000000252a0000)]
  0x00000000225b2000 JavaThread "Build operations Thread 3" [_thread_blocked, id=7860, stack(0x00000000253c0000,0x00000000254c0000)]
  0x000000001eb41000 JavaThread "Build operations Thread 4" [_thread_blocked, id=3380, stack(0x00000000252c0000,0x00000000253c0000)]
  0x000000001f6db000 JavaThread "jar transforms Thread 21" [_thread_blocked, id=7468, stack(0x00000000273a0000,0x00000000274a0000)]
  0x000000001f6db800 JavaThread "jar transforms Thread 22" [_thread_blocked, id=6476, stack(0x00000000275d0000,0x00000000276d0000)]
  0x000000001f6dc800 JavaThread "jar transforms Thread 23" [_thread_blocked, id=7908, stack(0x0000000026f10000,0x0000000027010000)]
  0x000000001f6dd800 JavaThread "jar transforms Thread 24" [_thread_blocked, id=5840, stack(0x0000000027830000,0x0000000027930000)]
  0x000000001f6de000 JavaThread "jar transforms Thread 25" [_thread_blocked, id=7788, stack(0x0000000027990000,0x0000000027a90000)]
  0x000000001f6df000 JavaThread "jar transforms Thread 26" [_thread_blocked, id=7356, stack(0x0000000027ba0000,0x0000000027ca0000)]
  0x000000001f6e0000 JavaThread "jar transforms Thread 27" [_thread_blocked, id=7268, stack(0x0000000027d20000,0x0000000027e20000)]
  0x000000001d213000 JavaThread "jar transforms Thread 28" [_thread_blocked, id=3692, stack(0x0000000027e80000,0x0000000027f80000)]
  0x000000001d214000 JavaThread "jar transforms Thread 29" [_thread_blocked, id=6392, stack(0x0000000028040000,0x0000000028140000)]
  0x000000001d214800 JavaThread "jar transforms Thread 30" [_thread_blocked, id=7968, stack(0x00000000281c0000,0x00000000282c0000)]
  0x000000001d215800 JavaThread "jar transforms Thread 31" [_thread_blocked, id=800, stack(0x00000000283d0000,0x00000000284d0000)]
  0x000000001d216800 JavaThread "jar transforms Thread 32" [_thread_blocked, id=4084, stack(0x00000000285a0000,0x00000000286a0000)]
  0x000000001d217000 JavaThread "jar transforms Thread 33" [_thread_blocked, id=7868, stack(0x00000000282d0000,0x00000000283d0000)]
  0x000000001d218000 JavaThread "jar transforms Thread 34" [_thread_blocked, id=3596, stack(0x00000000274b0000,0x00000000275b0000)]
  0x000000001d219000 JavaThread "jar transforms Thread 35" [_thread_blocked, id=4404, stack(0x00000000286c0000,0x00000000287c0000)]
  0x000000001d219800 JavaThread "jar transforms Thread 36" [_thread_blocked, id=5808, stack(0x0000000028890000,0x0000000028990000)]
  0x000000001eda3000 JavaThread "jar transforms Thread 37" [_thread_blocked, id=4548, stack(0x0000000027730000,0x0000000027830000)]
  0x000000001eda3800 JavaThread "jar transforms Thread 38" [_thread_blocked, id=4984, stack(0x0000000028a40000,0x0000000028b40000)]
  0x000000001eda4800 JavaThread "jar transforms Thread 39" [_thread_blocked, id=3688, stack(0x0000000028be0000,0x0000000028ce0000)]
  0x000000001eda5000 JavaThread "jar transforms Thread 40" [_thread_blocked, id=4312, stack(0x0000000028de0000,0x0000000028ee0000)]
  0x000000001eda6000 JavaThread "jar transforms Thread 41" [_thread_blocked, id=7616, stack(0x0000000028fb0000,0x00000000290b0000)]
  0x000000001eda7000 JavaThread "jar transforms Thread 42" [_thread_blocked, id=3452, stack(0x0000000028ce0000,0x0000000028de0000)]
  0x000000001eda7800 JavaThread "jar transforms Thread 43" [_thread_blocked, id=8084, stack(0x0000000029120000,0x0000000029220000)]
  0x000000001eda8800 JavaThread "jar transforms Thread 44" [_thread_blocked, id=5308, stack(0x0000000029230000,0x0000000029330000)]
  0x000000001eda9800 JavaThread "jar transforms Thread 45" [_thread_blocked, id=7924, stack(0x0000000029330000,0x0000000029430000)]
  0x000000001eb4e000 JavaThread "jar transforms Thread 46" [_thread_blocked, id=6072, stack(0x0000000029530000,0x0000000029630000)]
  0x000000001eb4f000 JavaThread "jar transforms Thread 47" [_thread_blocked, id=7664, stack(0x0000000029720000,0x0000000029820000)]
  0x000000001eb4f800 JavaThread "jar transforms Thread 48" [_thread_blocked, id=7708, stack(0x00000000298f0000,0x00000000299f0000)]
  0x000000001eb50800 JavaThread "jar transforms Thread 49" [_thread_blocked, id=8108, stack(0x0000000029a60000,0x0000000029b60000)]
  0x000000001eb51800 JavaThread "jar transforms Thread 50" [_thread_blocked, id=8096, stack(0x0000000029b90000,0x0000000029c90000)]
  0x000000001eb52000 JavaThread "jar transforms Thread 51" [_thread_blocked, id=7340, stack(0x0000000029e10000,0x0000000029f10000)]
  0x000000001eb53000 JavaThread "jar transforms Thread 52" [_thread_blocked, id=420, stack(0x0000000029ff0000,0x000000002a0f0000)]
  0x000000001eb54000 JavaThread "jar transforms Thread 53" [_thread_blocked, id=7372, stack(0x0000000029ca0000,0x0000000029da0000)]
  0x000000001eb54800 JavaThread "jar transforms Thread 54" [_thread_blocked, id=7656, stack(0x000000002a250000,0x000000002a350000)]
  0x0000000022480000 JavaThread "jar transforms Thread 55" [_thread_blocked, id=6288, stack(0x000000002a460000,0x000000002a560000)]
  0x0000000022481000 JavaThread "jar transforms Thread 56" [_thread_blocked, id=6916, stack(0x000000002a110000,0x000000002a210000)]
  0x0000000022481800 JavaThread "jar transforms Thread 57" [_thread_blocked, id=3024, stack(0x000000002a6d0000,0x000000002a7d0000)]
  0x0000000022482800 JavaThread "jar transforms Thread 58" [_thread_blocked, id=5520, stack(0x000000002a7f0000,0x000000002a8f0000)]
  0x0000000022483800 JavaThread "jar transforms Thread 59" [_thread_blocked, id=4532, stack(0x000000002a5b0000,0x000000002a6b0000)]
  0x0000000022484000 JavaThread "jar transforms Thread 60" [_thread_blocked, id=4620, stack(0x0000000027aa0000,0x0000000027ba0000)]
  0x0000000022485000 JavaThread "jar transforms Thread 61" [_thread_blocked, id=7876, stack(0x000000002a9d0000,0x000000002aad0000)]
  0x0000000022485800 JavaThread "jar transforms Thread 62" [_thread_blocked, id=4956, stack(0x000000002abc0000,0x000000002acc0000)]
  0x0000000022486800 JavaThread "jar transforms Thread 63" [_thread_blocked, id=7916, stack(0x000000002ad20000,0x000000002ae20000)]
  0x000000001f815800 JavaThread "jar transforms Thread 64" [_thread_blocked, id=5344, stack(0x0000000026b30000,0x0000000026c30000)]
  0x000000001f816800 JavaThread "jar transforms Thread 65" [_thread_blocked, id=612, stack(0x000000002ae90000,0x000000002af90000)]
  0x000000001f817800 JavaThread "jar transforms Thread 66" [_thread_blocked, id=2980, stack(0x000000002b030000,0x000000002b130000)]
  0x000000001f818000 JavaThread "jar transforms Thread 67" [_thread_blocked, id=5648, stack(0x000000002b2f0000,0x000000002b3f0000)]
  0x000000001f819000 JavaThread "jar transforms Thread 68" [_thread_blocked, id=7260, stack(0x000000002b4e0000,0x000000002b5e0000)]
  0x000000001f81a000 JavaThread "jar transforms Thread 69" [_thread_blocked, id=7744, stack(0x000000002a350000,0x000000002a450000)]
  0x000000001f81a800 JavaThread "jar transforms Thread 70" [_thread_blocked, id=7328, stack(0x000000002b660000,0x000000002b760000)]
  0x000000001f81b800 JavaThread "jar transforms Thread 71" [_thread_blocked, id=5248, stack(0x000000002b1b0000,0x000000002b2b0000)]
  0x000000001f81c800 JavaThread "jar transforms Thread 72" [_thread_blocked, id=2240, stack(0x000000002b780000,0x000000002b880000)]
  0x000000001fe03000 JavaThread "jar transforms Thread 73" [_thread_blocked, id=6628, stack(0x000000002b8f0000,0x000000002b9f0000)]
  0x000000001fe04000 JavaThread "jar transforms Thread 74" [_thread_blocked, id=8092, stack(0x000000002bb70000,0x000000002bc70000)]
  0x000000001fe04800 JavaThread "jar transforms Thread 75" [_thread_blocked, id=7532, stack(0x000000002bd40000,0x000000002be40000)]
  0x000000001fe05800 JavaThread "jar transforms Thread 76" [_thread_blocked, id=6204, stack(0x000000002bf20000,0x000000002c020000)]
  0x000000001fe06800 JavaThread "jar transforms Thread 77" [_thread_blocked, id=7484, stack(0x000000002c090000,0x000000002c190000)]
  0x000000001fe07000 JavaThread "jar transforms Thread 78" [_thread_blocked, id=7284, stack(0x0000000029430000,0x0000000029530000)]
  0x000000001fe08000 JavaThread "jar transforms Thread 79" [_thread_blocked, id=4040, stack(0x000000002c1d0000,0x000000002c2d0000)]
  0x000000001fe08800 JavaThread "jar transforms Thread 80" [_thread_blocked, id=2356, stack(0x000000002c410000,0x000000002c510000)]
  0x000000001fe09800 JavaThread "jar transforms Thread 81" [_thread_blocked, id=7548, stack(0x000000002c2f0000,0x000000002c3f0000)]
  0x0000000020504000 JavaThread "jar transforms Thread 82" [_thread_blocked, id=5972, stack(0x000000002c560000,0x000000002c660000)]
  0x0000000020505000 JavaThread "jar transforms Thread 83" [_thread_blocked, id=6656, stack(0x000000002c750000,0x000000002c850000)]
  0x0000000020506000 JavaThread "jar transforms Thread 84" [_thread_blocked, id=6484, stack(0x000000002ba10000,0x000000002bb10000)]
  0x0000000020506800 JavaThread "jar transforms Thread 85" [_thread_blocked, id=7368, stack(0x000000002c990000,0x000000002ca90000)]
  0x0000000020507800 JavaThread "jar transforms Thread 86" [_thread_blocked, id=4332, stack(0x000000002cb50000,0x000000002cc50000)]
  0x0000000020508000 JavaThread "jar transforms Thread 87" [_thread_blocked, id=6524, stack(0x000000002ccb0000,0x000000002cdb0000)]
  0x0000000020509000 JavaThread "jar transforms Thread 88" [_thread_blocked, id=2888, stack(0x000000002ceb0000,0x000000002cfb0000)]
  0x000000002050a000 JavaThread "jar transforms Thread 89" [_thread_blocked, id=7576, stack(0x000000002d140000,0x000000002d240000)]
  0x000000002050a800 JavaThread "jar transforms Thread 90" [_thread_blocked, id=7940, stack(0x000000002d300000,0x000000002d400000)]
  0x000000001ef77800 JavaThread "jar transforms Thread 91" [_thread_blocked, id=6500, stack(0x000000002d4f0000,0x000000002d5f0000)]
  0x000000001ef78800 JavaThread "jar transforms Thread 92" [_thread_blocked, id=4980, stack(0x000000002c890000,0x000000002c990000)]
  0x000000001ef79000 JavaThread "jar transforms Thread 93" [_thread_blocked, id=8060, stack(0x000000002d670000,0x000000002d770000)]
  0x000000001ef7a000 JavaThread "jar transforms Thread 94" [_thread_blocked, id=5216, stack(0x000000002d800000,0x000000002d900000)]
  0x000000001ef7b000 JavaThread "jar transforms Thread 95" [_thread_blocked, id=6536, stack(0x000000002d9f0000,0x000000002daf0000)]
  0x000000001ef7b800 JavaThread "jar transforms Thread 96" [_thread_blocked, id=7964, stack(0x000000002dbc0000,0x000000002dcc0000)]
  0x000000001ef7c800 JavaThread "jar transforms Thread 97" [_thread_blocked, id=4436, stack(0x000000002cff0000,0x000000002d0f0000)]
  0x000000001ef7d000 JavaThread "jar transforms Thread 98" [_thread_blocked, id=5920, stack(0x000000002dd70000,0x000000002de70000)]
  0x000000001ef7e000 JavaThread "jar transforms Thread 99" [_thread_blocked, id=2516, stack(0x000000002dec0000,0x000000002dfc0000)]
  0x000000001fc31800 JavaThread "jar transforms Thread 100" [_thread_blocked, id=8160, stack(0x000000002e120000,0x000000002e220000)]
  0x000000001fc32800 JavaThread "jar transforms Thread 101" [_thread_blocked, id=7120, stack(0x000000002e240000,0x000000002e340000)]
  0x000000001fc33800 JavaThread "jar transforms Thread 102" [_thread_blocked, id=7712, stack(0x000000002dfe0000,0x000000002e0e0000)]
  0x000000001fc34000 JavaThread "jar transforms Thread 103" [_thread_blocked, id=3564, stack(0x000000002e470000,0x000000002e570000)]
  0x000000001fc35000 JavaThread "jar transforms Thread 104" [_thread_blocked, id=5628, stack(0x000000002e340000,0x000000002e440000)]
  0x000000001fc36000 JavaThread "jar transforms Thread 105" [_thread_blocked, id=824, stack(0x000000002cdb0000,0x000000002ceb0000)]
  0x000000001fc36800 JavaThread "jar transforms Thread 106" [_thread_blocked, id=7736, stack(0x000000002e680000,0x000000002e780000)]
  0x000000001fc37800 JavaThread "jar transforms Thread 107" [_thread_blocked, id=5240, stack(0x000000002e580000,0x000000002e680000)]
  0x000000001fc38800 JavaThread "jar transforms Thread 108" [_thread_blocked, id=6624, stack(0x000000002e800000,0x000000002e900000)]
  0x000000001dc14000 JavaThread "jar transforms Thread 109" [_thread_blocked, id=3608, stack(0x000000002e960000,0x000000002ea60000)]
  0x000000001dc15000 JavaThread "jar transforms Thread 110" [_thread_blocked, id=6740, stack(0x000000002eae0000,0x000000002ebe0000)]
  0x000000001dc15800 JavaThread "jar transforms Thread 111" [_thread_blocked, id=7384, stack(0x000000002ec70000,0x000000002ed70000)]
  0x000000001dc16800 JavaThread "jar transforms Thread 112" [_thread_blocked, id=6760, stack(0x000000002ee20000,0x000000002ef20000)]
  0x000000001dc18000 JavaThread "Memory manager" [_thread_blocked, id=7704, stack(0x000000002f620000,0x000000002f720000)]
=>0x000000002234b800 JavaThread "C2 CompilerThread1" daemon [_thread_in_native, id=1816, stack(0x0000000025b90000,0x0000000025c90000)]

Other Threads:
  0x000000001c4ae000 VMThread "VM Thread" [stack: 0x000000001c630000,0x000000001c730000] [id=6696]
  0x000000001d0af000 WatcherThread [stack: 0x000000001d7e0000,0x000000001d8e0000] [id=3328]
  0x00000000004a2000 GCTaskThread "GC Thread#0" [stack: 0x0000000015260000,0x0000000015360000] [id=6164]
  0x000000001d326800 GCTaskThread "GC Thread#1" [stack: 0x000000001e130000,0x000000001e230000] [id=6440]
  0x000000001d37a800 GCTaskThread "GC Thread#2" [stack: 0x000000001d4f0000,0x000000001d5f0000] [id=8000]
  0x000000001f1ff000 GCTaskThread "GC Thread#3" [stack: 0x0000000021a10000,0x0000000021b10000] [id=7896]
  0x00000000004ca000 ConcurrentGCThread "G1 Main Marker" [stack: 0x0000000018fa0000,0x00000000190a0000] [id=5928]
  0x00000000004ce000 ConcurrentGCThread "G1 Conc#0" [stack: 0x0000000019140000,0x0000000019240000] [id=3804]
  0x000000001b6e4800 ConcurrentGCThread "G1 Refine#0" [stack: 0x000000001b8a0000,0x000000001b9a0000] [id=1492]
  0x000000001b6e5000 ConcurrentGCThread "G1 Young RemSet Sampling" [stack: 0x000000001baa0000,0x000000001bba0000] [id=6900]

Threads with active compile tasks:
C2 CompilerThread0 165323 6893       4       groovy.lang.MetaClassImpl$1MOPIter::methodNameAction (325 bytes)
C2 CompilerThread1 165324 6811 %     4       org.gradle.internal.instantiation.generator.AbstractClassGenerator::inspectType @ 207 (560 bytes)

VM state:not at safepoint (normal execution)

VM Mutex/Monitor currently owned by a thread: None

Heap address: 0x00000000a0000000, size: 1536 MB, Compressed Oops mode: 32-bit
Narrow klass base: 0x0000000000000000, Narrow klass shift: 3
Compressed class space size: 1073741824 Address: 0x000000013f580000

Heap:
 garbage-first heap   total 129024K, used 81403K [0x00000000a0000000, 0x0000000100000000)
  region size 1024K, 28 young (28672K), 7 survivors (7168K)
 Metaspace       used 68931K, capacity 70925K, committed 71296K, reserved 1110016K
  class space    used 8972K, capacity 9733K, committed 9856K, reserved 1048576K
Heap Regions: E=young(eden), S=young(survivor), O=old, HS=humongous(starts), HC=humongous(continues), CS=collection set, F=free, A=archive, TAMS=top-at-mark-start (previous, next)
|   0|0x00000000a0000000, 0x00000000a0100000, 0x00000000a0100000|100%| O|  |TAMS 0x00000000a0100000, 0x00000000a0000000| Untracked 
|   1|0x00000000a0100000, 0x00000000a0200000, 0x00000000a0200000|100%| O|  |TAMS 0x00000000a0200000, 0x00000000a0100000| Untracked 
|   2|0x00000000a0200000, 0x00000000a0300000, 0x00000000a0300000|100%| O|  |TAMS 0x00000000a0300000, 0x00000000a0200000| Untracked 
|   3|0x00000000a0300000, 0x00000000a0400000, 0x00000000a0400000|100%|HS|  |TAMS 0x00000000a0400000, 0x00000000a0300000| Complete 
|   4|0x00000000a0400000, 0x00000000a0500000, 0x00000000a0500000|100%|HC|  |TAMS 0x00000000a0500000, 0x00000000a0400000| Complete 
|   5|0x00000000a0500000, 0x00000000a0600000, 0x00000000a0600000|100%|HC|  |TAMS 0x00000000a0600000, 0x00000000a0500000| Complete 
|   6|0x00000000a0600000, 0x00000000a0700000, 0x00000000a0700000|100%| O|  |TAMS 0x00000000a0700000, 0x00000000a0600000| Untracked 
|   7|0x00000000a0700000, 0x00000000a0800000, 0x00000000a0800000|100%| O|  |TAMS 0x00000000a0800000, 0x00000000a0700000| Untracked 
|   8|0x00000000a0800000, 0x00000000a0900000, 0x00000000a0900000|100%| O|  |TAMS 0x00000000a0900000, 0x00000000a0800000| Untracked 
|   9|0x00000000a0900000, 0x00000000a0a00000, 0x00000000a0a00000|100%| O|  |TAMS 0x00000000a0a00000, 0x00000000a0900000| Untracked 
|  10|0x00000000a0a00000, 0x00000000a0b00000, 0x00000000a0b00000|100%| O|  |TAMS 0x00000000a0b00000, 0x00000000a0a00000| Untracked 
|  11|0x00000000a0b00000, 0x00000000a0c00000, 0x00000000a0c00000|100%| O|  |TAMS 0x00000000a0c00000, 0x00000000a0b00000| Untracked 
|  12|0x00000000a0c00000, 0x00000000a0d00000, 0x00000000a0d00000|100%| O|  |TAMS 0x00000000a0d00000, 0x00000000a0c00000| Untracked 
|  13|0x00000000a0d00000, 0x00000000a0e00000, 0x00000000a0e00000|100%| O|  |TAMS 0x00000000a0e00000, 0x00000000a0d00000| Untracked 
|  14|0x00000000a0e00000, 0x00000000a0f00000, 0x00000000a0f00000|100%| O|  |TAMS 0x00000000a0f00000, 0x00000000a0e00000| Untracked 
|  15|0x00000000a0f00000, 0x00000000a1000000, 0x00000000a1000000|100%| O|  |TAMS 0x00000000a1000000, 0x00000000a0f00000| Untracked 
|  16|0x00000000a1000000, 0x00000000a1100000, 0x00000000a1100000|100%| O|  |TAMS 0x00000000a1100000, 0x00000000a1000000| Untracked 
|  17|0x00000000a1100000, 0x00000000a1200000, 0x00000000a1200000|100%| O|  |TAMS 0x00000000a1200000, 0x00000000a1100000| Untracked 
|  18|0x00000000a1200000, 0x00000000a1300000, 0x00000000a1300000|100%| O|  |TAMS 0x00000000a1300000, 0x00000000a1200000| Untracked 
|  19|0x00000000a1300000, 0x00000000a1400000, 0x00000000a1400000|100%| O|  |TAMS 0x00000000a1400000, 0x00000000a1300000| Untracked 
|  20|0x00000000a1400000, 0x00000000a1500000, 0x00000000a1500000|100%| O|  |TAMS 0x00000000a1500000, 0x00000000a1400000| Untracked 
|  21|0x00000000a1500000, 0x00000000a1600000, 0x00000000a1600000|100%| O|  |TAMS 0x00000000a1600000, 0x00000000a1500000| Untracked 
|  22|0x00000000a1600000, 0x00000000a1700000, 0x00000000a1700000|100%|HS|  |TAMS 0x00000000a1700000, 0x00000000a1600000| Complete 
|  23|0x00000000a1700000, 0x00000000a1800000, 0x00000000a1800000|100%|HS|  |TAMS 0x00000000a1800000, 0x00000000a1700000| Complete 
|  24|0x00000000a1800000, 0x00000000a1900000, 0x00000000a1900000|100%|HC|  |TAMS 0x00000000a1900000, 0x00000000a1800000| Complete 
|  25|0x00000000a1900000, 0x00000000a1a00000, 0x00000000a1a00000|100%|HC|  |TAMS 0x00000000a1a00000, 0x00000000a1900000| Complete 
|  26|0x00000000a1a00000, 0x00000000a1b00000, 0x00000000a1b00000|100%|HS|  |TAMS 0x00000000a1b00000, 0x00000000a1a00000| Complete 
|  27|0x00000000a1b00000, 0x00000000a1c00000, 0x00000000a1c00000|100%|HC|  |TAMS 0x00000000a1c00000, 0x00000000a1b00000| Complete 
|  28|0x00000000a1c00000, 0x00000000a1d00000, 0x00000000a1d00000|100%| O|  |TAMS 0x00000000a1d00000, 0x00000000a1c00000| Untracked 
|  29|0x00000000a1d00000, 0x00000000a1e00000, 0x00000000a1e00000|100%| O|  |TAMS 0x00000000a1e00000, 0x00000000a1d00000| Untracked 
|  30|0x00000000a1e00000, 0x00000000a1f00000, 0x00000000a1f00000|100%| O|  |TAMS 0x00000000a1f00000, 0x00000000a1e00000| Untracked 
|  31|0x00000000a1f00000, 0x00000000a2000000, 0x00000000a2000000|100%| O|  |TAMS 0x00000000a2000000, 0x00000000a1f00000| Untracked 
|  32|0x00000000a2000000, 0x00000000a2100000, 0x00000000a2100000|100%| O|  |TAMS 0x00000000a2100000, 0x00000000a2000000| Untracked 
|  33|0x00000000a2100000, 0x00000000a2200000, 0x00000000a2200000|100%| O|  |TAMS 0x00000000a2200000, 0x00000000a2100000| Untracked 
|  34|0x00000000a2200000, 0x00000000a2300000, 0x00000000a2300000|100%| O|  |TAMS 0x00000000a2300000, 0x00000000a2200000| Untracked 
|  35|0x00000000a2300000, 0x00000000a2400000, 0x00000000a2400000|100%| O|  |TAMS 0x00000000a2400000, 0x00000000a2300000| Untracked 
|  36|0x00000000a2400000, 0x00000000a2500000, 0x00000000a2500000|100%| O|  |TAMS 0x00000000a2500000, 0x00000000a2400000| Untracked 
|  37|0x00000000a2500000, 0x00000000a2600000, 0x00000000a2600000|100%| O|  |TAMS 0x00000000a2600000, 0x00000000a2500000| Untracked 
|  38|0x00000000a2600000, 0x00000000a2700000, 0x00000000a2700000|100%| O|  |TAMS 0x00000000a2700000, 0x00000000a2600000| Untracked 
|  39|0x00000000a2700000, 0x00000000a2800000, 0x00000000a2800000|100%| O|  |TAMS 0x00000000a2800000, 0x00000000a2700000| Untracked 
|  40|0x00000000a2800000, 0x00000000a2900000, 0x00000000a2900000|100%| O|  |TAMS 0x00000000a2900000, 0x00000000a2800000| Untracked 
|  41|0x00000000a2900000, 0x00000000a2a00000, 0x00000000a2a00000|100%| O|  |TAMS 0x00000000a2a00000, 0x00000000a2900000| Untracked 
|  42|0x00000000a2a00000, 0x00000000a2b00000, 0x00000000a2b00000|100%| O|  |TAMS 0x00000000a2b00000, 0x00000000a2a00000| Untracked 
|  43|0x00000000a2b00000, 0x00000000a2c00000, 0x00000000a2c00000|100%| O|  |TAMS 0x00000000a2c00000, 0x00000000a2b00000| Untracked 
|  44|0x00000000a2c00000, 0x00000000a2d00000, 0x00000000a2d00000|100%| O|  |TAMS 0x00000000a2d00000, 0x00000000a2c00000| Untracked 
|  45|0x00000000a2d00000, 0x00000000a2e00000, 0x00000000a2e00000|100%| O|  |TAMS 0x00000000a2e00000, 0x00000000a2d00000| Untracked 
|  46|0x00000000a2e00000, 0x00000000a2f00000, 0x00000000a2f00000|100%| O|  |TAMS 0x00000000a2f00000, 0x00000000a2e00000| Untracked 
|  47|0x00000000a2f00000, 0x00000000a3000000, 0x00000000a3000000|100%| O|  |TAMS 0x00000000a3000000, 0x00000000a2f00000| Untracked 
|  48|0x00000000a3000000, 0x00000000a3100000, 0x00000000a3100000|100%| O|  |TAMS 0x00000000a3100000, 0x00000000a3000000| Untracked 
|  49|0x00000000a3100000, 0x00000000a3200000, 0x00000000a3200000|100%| O|  |TAMS 0x00000000a3200000, 0x00000000a3100000| Untracked 
|  50|0x00000000a3200000, 0x00000000a3300000, 0x00000000a3300000|100%| O|  |TAMS 0x00000000a3300000, 0x00000000a3200000| Untracked 
|  51|0x00000000a3300000, 0x00000000a3400000, 0x00000000a3400000|100%| O|  |TAMS 0x00000000a3400000, 0x00000000a3300000| Untracked 
|  52|0x00000000a3400000, 0x00000000a34b1800, 0x00000000a3500000| 69%| O|  |TAMS 0x00000000a34b1800, 0x00000000a3400000| Untracked 
|  53|0x00000000a3500000, 0x00000000a3500000, 0x00000000a3600000|  0%| F|  |TAMS 0x00000000a3500000, 0x00000000a3500000| Untracked 
|  54|0x00000000a3600000, 0x00000000a3600000, 0x00000000a3700000|  0%| F|  |TAMS 0x00000000a3600000, 0x00000000a3600000| Untracked 
|  55|0x00000000a3700000, 0x00000000a3700000, 0x00000000a3800000|  0%| F|  |TAMS 0x00000000a3700000, 0x00000000a3700000| Untracked 
|  56|0x00000000a3800000, 0x00000000a3800000, 0x00000000a3900000|  0%| F|  |TAMS 0x00000000a3800000, 0x00000000a3800000| Untracked 
|  57|0x00000000a3900000, 0x00000000a3900000, 0x00000000a3a00000|  0%| F|  |TAMS 0x00000000a3900000, 0x00000000a3900000| Untracked 
|  58|0x00000000a3a00000, 0x00000000a3a00000, 0x00000000a3b00000|  0%| F|  |TAMS 0x00000000a3a00000, 0x00000000a3a00000| Untracked 
|  59|0x00000000a3b00000, 0x00000000a3b00000, 0x00000000a3c00000|  0%| F|  |TAMS 0x00000000a3b00000, 0x00000000a3b00000| Untracked 
|  60|0x00000000a3c00000, 0x00000000a3c00000, 0x00000000a3d00000|  0%| F|  |TAMS 0x00000000a3c00000, 0x00000000a3c00000| Untracked 
|  61|0x00000000a3d00000, 0x00000000a3d00000, 0x00000000a3e00000|  0%| F|  |TAMS 0x00000000a3d00000, 0x00000000a3d00000| Untracked 
|  62|0x00000000a3e00000, 0x00000000a3e00000, 0x00000000a3f00000|  0%| F|  |TAMS 0x00000000a3e00000, 0x00000000a3e00000| Untracked 
|  63|0x00000000a3f00000, 0x00000000a3f00000, 0x00000000a4000000|  0%| F|  |TAMS 0x00000000a3f00000, 0x00000000a3f00000| Untracked 
|  64|0x00000000a4000000, 0x00000000a4000000, 0x00000000a4100000|  0%| F|  |TAMS 0x00000000a4000000, 0x00000000a4000000| Untracked 
|  65|0x00000000a4100000, 0x00000000a4100000, 0x00000000a4200000|  0%| F|  |TAMS 0x00000000a4100000, 0x00000000a4100000| Untracked 
|  66|0x00000000a4200000, 0x00000000a4200000, 0x00000000a4300000|  0%| F|  |TAMS 0x00000000a4200000, 0x00000000a4200000| Untracked 
|  67|0x00000000a4300000, 0x00000000a4300000, 0x00000000a4400000|  0%| F|  |TAMS 0x00000000a4300000, 0x00000000a4300000| Untracked 
|  68|0x00000000a4400000, 0x00000000a4400000, 0x00000000a4500000|  0%| F|  |TAMS 0x00000000a4400000, 0x00000000a4400000| Untracked 
|  69|0x00000000a4500000, 0x00000000a4500000, 0x00000000a4600000|  0%| F|  |TAMS 0x00000000a4500000, 0x00000000a4500000| Untracked 
|  70|0x00000000a4600000, 0x00000000a4600000, 0x00000000a4700000|  0%| F|  |TAMS 0x00000000a4600000, 0x00000000a4600000| Untracked 
|  71|0x00000000a4700000, 0x00000000a4700000, 0x00000000a4800000|  0%| F|  |TAMS 0x00000000a4700000, 0x00000000a4700000| Untracked 
|  72|0x00000000a4800000, 0x00000000a4800000, 0x00000000a4900000|  0%| F|  |TAMS 0x00000000a4800000, 0x00000000a4800000| Untracked 
|  73|0x00000000a4900000, 0x00000000a4900000, 0x00000000a4a00000|  0%| F|  |TAMS 0x00000000a4900000, 0x00000000a4900000| Untracked 
|  74|0x00000000a4a00000, 0x00000000a4a00000, 0x00000000a4b00000|  0%| F|  |TAMS 0x00000000a4a00000, 0x00000000a4a00000| Untracked 
|  75|0x00000000a4b00000, 0x00000000a4b00000, 0x00000000a4c00000|  0%| F|  |TAMS 0x00000000a4b00000, 0x00000000a4b00000| Untracked 
|  76|0x00000000a4c00000, 0x00000000a4c00000, 0x00000000a4d00000|  0%| F|  |TAMS 0x00000000a4c00000, 0x00000000a4c00000| Untracked 
|  77|0x00000000a4d00000, 0x00000000a4d00000, 0x00000000a4e00000|  0%| F|  |TAMS 0x00000000a4d00000, 0x00000000a4d00000| Untracked 
|  78|0x00000000a4e00000, 0x00000000a4e00000, 0x00000000a4f00000|  0%| F|  |TAMS 0x00000000a4e00000, 0x00000000a4e00000| Untracked 
|  79|0x00000000a4f00000, 0x00000000a4f00000, 0x00000000a5000000|  0%| F|  |TAMS 0x00000000a4f00000, 0x00000000a4f00000| Untracked 
|  80|0x00000000a5000000, 0x00000000a5000000, 0x00000000a5100000|  0%| F|  |TAMS 0x00000000a5000000, 0x00000000a5000000| Untracked 
|  81|0x00000000a5100000, 0x00000000a5100000, 0x00000000a5200000|  0%| F|  |TAMS 0x00000000a5100000, 0x00000000a5100000| Untracked 
|  82|0x00000000a5200000, 0x00000000a5200000, 0x00000000a5300000|  0%| F|  |TAMS 0x00000000a5200000, 0x00000000a5200000| Untracked 
|  83|0x00000000a5300000, 0x00000000a5300000, 0x00000000a5400000|  0%| F|  |TAMS 0x00000000a5300000, 0x00000000a5300000| Untracked 
|  84|0x00000000a5400000, 0x00000000a54cd6a0, 0x00000000a5500000| 80%| S|CS|TAMS 0x00000000a5400000, 0x00000000a5400000| Complete 
|  85|0x00000000a5500000, 0x00000000a5600000, 0x00000000a5600000|100%| S|CS|TAMS 0x00000000a5500000, 0x00000000a5500000| Complete 
|  86|0x00000000a5600000, 0x00000000a5700000, 0x00000000a5700000|100%| S|CS|TAMS 0x00000000a5600000, 0x00000000a5600000| Complete 
|  87|0x00000000a5700000, 0x00000000a5800000, 0x00000000a5800000|100%| S|CS|TAMS 0x00000000a5700000, 0x00000000a5700000| Complete 
|  88|0x00000000a5800000, 0x00000000a5900000, 0x00000000a5900000|100%| S|CS|TAMS 0x00000000a5800000, 0x00000000a5800000| Complete 
|  89|0x00000000a5900000, 0x00000000a5a00000, 0x00000000a5a00000|100%| S|CS|TAMS 0x00000000a5900000, 0x00000000a5900000| Complete 
|  90|0x00000000a5a00000, 0x00000000a5b00000, 0x00000000a5b00000|100%| S|CS|TAMS 0x00000000a5a00000, 0x00000000a5a00000| Complete 
|  91|0x00000000a5b00000, 0x00000000a5b00000, 0x00000000a5c00000|  0%| F|  |TAMS 0x00000000a5b00000, 0x00000000a5b00000| Untracked 
|  92|0x00000000a5c00000, 0x00000000a5c00000, 0x00000000a5d00000|  0%| F|  |TAMS 0x00000000a5c00000, 0x00000000a5c00000| Untracked 
|  93|0x00000000a5d00000, 0x00000000a5d00000, 0x00000000a5e00000|  0%| F|  |TAMS 0x00000000a5d00000, 0x00000000a5d00000| Untracked 
|  94|0x00000000a5e00000, 0x00000000a5e00000, 0x00000000a5f00000|  0%| F|  |TAMS 0x00000000a5e00000, 0x00000000a5e00000| Untracked 
|  95|0x00000000a5f00000, 0x00000000a5f00000, 0x00000000a6000000|  0%| F|  |TAMS 0x00000000a5f00000, 0x00000000a5f00000| Untracked 
|  96|0x00000000a6000000, 0x00000000a6000000, 0x00000000a6100000|  0%| F|  |TAMS 0x00000000a6000000, 0x00000000a6000000| Untracked 
|  97|0x00000000a6100000, 0x00000000a6100000, 0x00000000a6200000|  0%| F|  |TAMS 0x00000000a6100000, 0x00000000a6100000| Untracked 
|  98|0x00000000a6200000, 0x00000000a6200000, 0x00000000a6300000|  0%| F|  |TAMS 0x00000000a6200000, 0x00000000a6200000| Untracked 
|  99|0x00000000a6300000, 0x00000000a6300000, 0x00000000a6400000|  0%| F|  |TAMS 0x00000000a6300000, 0x00000000a6300000| Untracked 
| 100|0x00000000a6400000, 0x00000000a6400000, 0x00000000a6500000|  0%| F|  |TAMS 0x00000000a6400000, 0x00000000a6400000| Untracked 
| 101|0x00000000a6500000, 0x00000000a6500000, 0x00000000a6600000|  0%| F|  |TAMS 0x00000000a6500000, 0x00000000a6500000| Untracked 
| 102|0x00000000a6600000, 0x00000000a6600000, 0x00000000a6700000|  0%| F|  |TAMS 0x00000000a6600000, 0x00000000a6600000| Untracked 
| 103|0x00000000a6700000, 0x00000000a6700000, 0x00000000a6800000|  0%| F|  |TAMS 0x00000000a6700000, 0x00000000a6700000| Untracked 
| 104|0x00000000a6800000, 0x00000000a6800000, 0x00000000a6900000|  0%| F|  |TAMS 0x00000000a6800000, 0x00000000a6800000| Untracked 
| 105|0x00000000a6900000, 0x00000000a6a00000, 0x00000000a6a00000|100%| E|  |TAMS 0x00000000a6900000, 0x00000000a6900000| Complete 
| 106|0x00000000a6a00000, 0x00000000a6b00000, 0x00000000a6b00000|100%| E|CS|TAMS 0x00000000a6a00000, 0x00000000a6a00000| Complete 
| 107|0x00000000a6b00000, 0x00000000a6c00000, 0x00000000a6c00000|100%| E|CS|TAMS 0x00000000a6b00000, 0x00000000a6b00000| Complete 
| 108|0x00000000a6c00000, 0x00000000a6d00000, 0x00000000a6d00000|100%| E|CS|TAMS 0x00000000a6c00000, 0x00000000a6c00000| Complete 
| 109|0x00000000a6d00000, 0x00000000a6e00000, 0x00000000a6e00000|100%| E|CS|TAMS 0x00000000a6d00000, 0x00000000a6d00000| Complete 
| 110|0x00000000a6e00000, 0x00000000a6f00000, 0x00000000a6f00000|100%| E|CS|TAMS 0x00000000a6e00000, 0x00000000a6e00000| Complete 
| 111|0x00000000a6f00000, 0x00000000a7000000, 0x00000000a7000000|100%| E|CS|TAMS 0x00000000a6f00000, 0x00000000a6f00000| Complete 
| 112|0x00000000a7000000, 0x00000000a7100000, 0x00000000a7100000|100%| E|CS|TAMS 0x00000000a7000000, 0x00000000a7000000| Complete 
| 113|0x00000000a7100000, 0x00000000a7200000, 0x00000000a7200000|100%| E|CS|TAMS 0x00000000a7100000, 0x00000000a7100000| Complete 
| 114|0x00000000a7200000, 0x00000000a7300000, 0x00000000a7300000|100%| E|CS|TAMS 0x00000000a7200000, 0x00000000a7200000| Complete 
| 115|0x00000000a7300000, 0x00000000a7400000, 0x00000000a7400000|100%| E|CS|TAMS 0x00000000a7300000, 0x00000000a7300000| Complete 
| 116|0x00000000a7400000, 0x00000000a7500000, 0x00000000a7500000|100%| E|CS|TAMS 0x00000000a7400000, 0x00000000a7400000| Complete 
| 117|0x00000000a7500000, 0x00000000a7600000, 0x00000000a7600000|100%| E|CS|TAMS 0x00000000a7500000, 0x00000000a7500000| Complete 
| 118|0x00000000a7600000, 0x00000000a7700000, 0x00000000a7700000|100%| E|CS|TAMS 0x00000000a7600000, 0x00000000a7600000| Complete 
| 119|0x00000000a7700000, 0x00000000a7800000, 0x00000000a7800000|100%| E|CS|TAMS 0x00000000a7700000, 0x00000000a7700000| Complete 
| 120|0x00000000a7800000, 0x00000000a7900000, 0x00000000a7900000|100%| E|CS|TAMS 0x00000000a7800000, 0x00000000a7800000| Complete 
| 121|0x00000000a7900000, 0x00000000a7a00000, 0x00000000a7a00000|100%| E|CS|TAMS 0x00000000a7900000, 0x00000000a7900000| Complete 
| 122|0x00000000a7a00000, 0x00000000a7b00000, 0x00000000a7b00000|100%| E|CS|TAMS 0x00000000a7a00000, 0x00000000a7a00000| Complete 
| 123|0x00000000a7b00000, 0x00000000a7c00000, 0x00000000a7c00000|100%| E|CS|TAMS 0x00000000a7b00000, 0x00000000a7b00000| Complete 
| 124|0x00000000a7c00000, 0x00000000a7d00000, 0x00000000a7d00000|100%| E|CS|TAMS 0x00000000a7c00000, 0x00000000a7c00000| Complete 
| 125|0x00000000a7d00000, 0x00000000a7e00000, 0x00000000a7e00000|100%| E|CS|TAMS 0x00000000a7d00000, 0x00000000a7d00000| Complete 

Card table byte_map: [0x0000000015990000,0x0000000015c90000] _byte_map_base: 0x0000000015490000

Marking Bits (Prev, Next): (CMBitMap*) 0x00000000004c1f68, (CMBitMap*) 0x00000000004c1fa0
 Prev Bits: [0x0000000015f90000, 0x0000000017790000)
 Next Bits: [0x0000000017790000, 0x0000000018f90000)

Polling page: 0x00000000001c0000

Metaspace:

Usage:
  Non-class:     59.76 MB capacity,    58.55 MB ( 98%) used,     1.05 MB (  2%) free+waste,   160.94 KB ( <1%) overhead. 
      Class:      9.50 MB capacity,     8.76 MB ( 92%) used,   683.16 KB (  7%) free+waste,    77.00 KB ( <1%) overhead. 
       Both:     69.26 MB capacity,    67.32 MB ( 97%) used,     1.71 MB (  2%) free+waste,   237.94 KB ( <1%) overhead. 

Virtual space:
  Non-class space:       60.00 MB reserved,      60.00 MB (100%) committed 
      Class space:        1.00 GB reserved,       9.63 MB ( <1%) committed 
             Both:        1.06 GB reserved,      69.63 MB (  6%) committed 

Chunk freelists:
   Non-Class:  56.00 KB
       Class:  27.00 KB
        Both:  83.00 KB

MaxMetaspaceSize: 17179869184.00 GB
CompressedClassSpaceSize: 1.00 GB

CodeHeap 'non-profiled nmethods': size=120064Kb used=4094Kb max_used=4094Kb free=115969Kb
 bounds [0x000000000da80000, 0x000000000de80000, 0x0000000014fc0000]
CodeHeap 'profiled nmethods': size=120000Kb used=14658Kb max_used=14658Kb free=105341Kb
 bounds [0x0000000006550000, 0x00000000073b0000, 0x000000000da80000]
CodeHeap 'non-nmethods': size=5696Kb used=2250Kb max_used=2308Kb free=3445Kb
 bounds [0x0000000005fc0000, 0x0000000006230000, 0x0000000006550000]
 total_blobs=7442 nmethods=6600 adapters=753
 compilation: enabled
              stopped_count=0, restarted_count=0
 full_count=0

Compilation events (20 events):
Event: 164.124 Thread 0x000000001c52f000 nmethod 6862 0x000000000738eb90 code [0x000000000738ed80, 0x000000000738f128]
Event: 164.130 Thread 0x000000001c52a800 nmethod 6831 0x000000000de79b90 code [0x000000000de79d60, 0x000000000de7a2b8]
Event: 164.130 Thread 0x000000001c52a800 6876 %     4       org.apache.commons.io.FilenameUtils::doNormalize @ 74 (534 bytes)
Event: 164.143 Thread 0x000000001c52f000 6877       3       kotlin.text.StringsKt__StringsJVMKt::endsWith (45 bytes)
Event: 164.146 Thread 0x000000001c52f000 nmethod 6877 0x000000000738f290 code [0x000000000738f500, 0x000000000738fdf8]
Event: 164.195 Thread 0x000000001c52f000 6878       1       kotlin.collections.EmptyIterator::hasNext (2 bytes)
Event: 164.195 Thread 0x000000001c52f000 nmethod 6878 0x000000000de7a610 code [0x000000000de7a7c0, 0x000000000de7a878]
Event: 164.195 Thread 0x000000001c52f000 6879       1       org.gradle.internal.extensibility.ExtensionsStorage$ExtensionHolder::get (5 bytes)
Event: 164.195 Thread 0x000000001c52f000 nmethod 6879 0x000000000de7a910 code [0x000000000de7aac0, 0x000000000de7ab78]
Event: 164.203 Thread 0x000000001c52f000 6880       3       java.util.stream.ReferencePipeline$3::opWrapSink (10 bytes)
Event: 164.205 Thread 0x000000001c52f000 nmethod 6880 0x0000000007390210 code [0x0000000007390400, 0x0000000007390988]
Event: 164.205 Thread 0x000000001c52f000 6881       3       java.util.stream.ReferencePipeline$3$1::<init> (11 bytes)
Event: 164.206 Thread 0x000000001c52f000 nmethod 6881 0x0000000007390b90 code [0x0000000007390d80, 0x0000000007391248]
Event: 164.206 Thread 0x000000001c52f000 6882       3       java.util.stream.Sink$ChainedReference::begin (11 bytes)
Event: 164.206 Thread 0x000000001c52f000 nmethod 6882 0x0000000007391410 code [0x00000000073915c0, 0x0000000007391788]
Event: 164.219 Thread 0x000000001c52a800 nmethod 6876% 0x000000000de7ac10 code [0x000000000de7ae00, 0x000000000de7c1c8]
Event: 164.219 Thread 0x000000001c52a800 6836       4       java.lang.StringBuilder::append (6 bytes)
Event: 164.250 Thread 0x000000001c52a800 nmethod 6836 0x000000000de7ca90 code [0x000000000de7cc80, 0x000000000de7d420]
Event: 164.359 Thread 0x000000001c52f000 6883   !   3       jdk.internal.loader.URLClassPath::checkURL (16 bytes)
Event: 164.359 Thread 0x000000001c52f000 nmethod 6883 0x0000000007391890 code [0x0000000007391a40, 0x0000000007391be8]

GC Heap History (20 events):
Event: 46.550 GC heap before
{Heap before GC invocations=6 (full 0):
 garbage-first heap   total 129024K, used 61548K [0x00000000a0000000, 0x0000000100000000)
  region size 1024K, 49 young (50176K), 5 survivors (5120K)
 Metaspace       used 25616K, capacity 26201K, committed 26368K, reserved 1073152K
  class space    used 3321K, capacity 3517K, committed 3584K, reserved 1048576K
}
Event: 46.576 GC heap after
{Heap after GC invocations=7 (full 0):
 garbage-first heap   total 129024K, used 18173K [0x00000000a0000000, 0x0000000100000000)
  region size 1024K, 3 young (3072K), 3 survivors (3072K)
 Metaspace       used 25616K, capacity 26201K, committed 26368K, reserved 1073152K
  class space    used 3321K, capacity 3517K, committed 3584K, reserved 1048576K
}
Event: 52.850 GC heap before
{Heap before GC invocations=7 (full 0):
 garbage-first heap   total 129024K, used 77565K [0x00000000a0000000, 0x0000000100000000)
  region size 1024K, 59 young (60416K), 3 survivors (3072K)
 Metaspace       used 35075K, capacity 35716K, committed 35840K, reserved 1081344K
  class space    used 4520K, capacity 4775K, committed 4864K, reserved 1048576K
}
Event: 52.892 GC heap after
{Heap after GC invocations=8 (full 0):
 garbage-first heap   total 129024K, used 24020K [0x00000000a0000000, 0x0000000100000000)
  region size 1024K, 7 young (7168K), 7 survivors (7168K)
 Metaspace       used 35075K, capacity 35716K, committed 35840K, reserved 1081344K
  class space    used 4520K, capacity 4775K, committed 4864K, reserved 1048576K
}
Event: 58.848 GC heap before
{Heap before GC invocations=9 (full 0):
 garbage-first heap   total 129024K, used 83412K [0x00000000a0000000, 0x0000000100000000)
  region size 1024K, 65 young (66560K), 7 survivors (7168K)
 Metaspace       used 40656K, capacity 41540K, committed 41728K, reserved 1085440K
  class space    used 5194K, capacity 5516K, committed 5632K, reserved 1048576K
}
Event: 58.914 GC heap after
{Heap after GC invocations=10 (full 0):
 garbage-first heap   total 129024K, used 26017K [0x00000000a0000000, 0x0000000100000000)
  region size 1024K, 8 young (8192K), 8 survivors (8192K)
 Metaspace       used 40656K, capacity 41540K, committed 41728K, reserved 1085440K
  class space    used 5194K, capacity 5516K, committed 5632K, reserved 1048576K
}
Event: 83.212 GC heap before
{Heap before GC invocations=11 (full 0):
 garbage-first heap   total 129024K, used 90529K [0x00000000a0000000, 0x0000000100000000)
  region size 1024K, 72 young (73728K), 8 survivors (8192K)
 Metaspace       used 44040K, capacity 45060K, committed 45184K, reserved 1089536K
  class space    used 5633K, capacity 6007K, committed 6016K, reserved 1048576K
}
Event: 83.263 GC heap after
{Heap after GC invocations=12 (full 0):
 garbage-first heap   total 129024K, used 28954K [0x00000000a0000000, 0x0000000100000000)
  region size 1024K, 7 young (7168K), 7 survivors (7168K)
 Metaspace       used 44040K, capacity 45060K, committed 45184K, reserved 1089536K
  class space    used 5633K, capacity 6007K, committed 6016K, reserved 1048576K
}
Event: 102.599 GC heap before
{Heap before GC invocations=12 (full 0):
 garbage-first heap   total 129024K, used 98586K [0x00000000a0000000, 0x0000000100000000)
  region size 1024K, 70 young (71680K), 7 survivors (7168K)
 Metaspace       used 51706K, capacity 52881K, committed 53120K, reserved 1095680K
  class space    used 6554K, capacity 6972K, committed 7040K, reserved 1048576K
}
Event: 102.649 GC heap after
{Heap after GC invocations=13 (full 0):
 garbage-first heap   total 129024K, used 41894K [0x00000000a0000000, 0x0000000100000000)
  region size 1024K, 9 young (9216K), 9 survivors (9216K)
 Metaspace       used 51706K, capacity 52881K, committed 53120K, reserved 1095680K
  class space    used 6554K, capacity 6972K, committed 7040K, reserved 1048576K
}
Event: 111.581 GC heap before
{Heap before GC invocations=13 (full 0):
 garbage-first heap   total 129024K, used 98214K [0x00000000a0000000, 0x0000000100000000)
  region size 1024K, 64 young (65536K), 9 survivors (9216K)
 Metaspace       used 56803K, capacity 58061K, committed 58112K, reserved 1099776K
  class space    used 7193K, capacity 7638K, committed 7680K, reserved 1048576K
}
Event: 111.628 GC heap after
{Heap after GC invocations=14 (full 0):
 garbage-first heap   total 129024K, used 46418K [0x00000000a0000000, 0x0000000100000000)
  region size 1024K, 4 young (4096K), 4 survivors (4096K)
 Metaspace       used 56803K, capacity 58061K, committed 58112K, reserved 1099776K
  class space    used 7193K, capacity 7638K, committed 7680K, reserved 1048576K
}
Event: 126.861 GC heap before
{Heap before GC invocations=14 (full 0):
 garbage-first heap   total 129024K, used 99666K [0x00000000a0000000, 0x0000000100000000)
  region size 1024K, 57 young (58368K), 4 survivors (4096K)
 Metaspace       used 60540K, capacity 62072K, committed 62208K, reserved 1103872K
  class space    used 7619K, capacity 8141K, committed 8192K, reserved 1048576K
}
Event: 126.904 GC heap after
{Heap after GC invocations=15 (full 0):
 garbage-first heap   total 129024K, used 49967K [0x00000000a0000000, 0x0000000100000000)
  region size 1024K, 8 young (8192K), 8 survivors (8192K)
 Metaspace       used 60540K, capacity 62072K, committed 62208K, reserved 1103872K
  class space    used 7619K, capacity 8141K, committed 8192K, reserved 1048576K
}
Event: 136.574 GC heap before
{Heap before GC invocations=15 (full 0):
 garbage-first heap   total 129024K, used 101167K [0x00000000a0000000, 0x0000000100000000)
  region size 1024K, 58 young (59392K), 8 survivors (8192K)
 Metaspace       used 62968K, capacity 64648K, committed 64896K, reserved 1105920K
  class space    used 7977K, capacity 8576K, committed 8576K, reserved 1048576K
}
Event: 136.631 GC heap after
{Heap after GC invocations=16 (full 0):
 garbage-first heap   total 129024K, used 54057K [0x00000000a0000000, 0x0000000100000000)
  region size 1024K, 8 young (8192K), 8 survivors (8192K)
 Metaspace       used 62968K, capacity 64648K, committed 64896K, reserved 1105920K
  class space    used 7977K, capacity 8576K, committed 8576K, reserved 1048576K
}
Event: 157.767 GC heap before
{Heap before GC invocations=16 (full 0):
 garbage-first heap   total 129024K, used 103209K [0x00000000a0000000, 0x0000000100000000)
  region size 1024K, 56 young (57344K), 8 survivors (8192K)
 Metaspace       used 67156K, capacity 68804K, committed 68992K, reserved 1110016K
  class space    used 8655K, capacity 9252K, committed 9344K, reserved 1048576K
}
Event: 157.822 GC heap after
{Heap after GC invocations=17 (full 0):
 garbage-first heap   total 129024K, used 57769K [0x00000000a0000000, 0x0000000100000000)
  region size 1024K, 4 young (4096K), 4 survivors (4096K)
 Metaspace       used 67156K, capacity 68804K, committed 68992K, reserved 1110016K
  class space    used 8655K, capacity 9252K, committed 9344K, reserved 1048576K
}
Event: 161.066 GC heap before
{Heap before GC invocations=17 (full 0):
 garbage-first heap   total 129024K, used 92585K [0x00000000a0000000, 0x0000000100000000)
  region size 1024K, 39 young (39936K), 4 survivors (4096K)
 Metaspace       used 68030K, capacity 69858K, committed 69888K, reserved 1110016K
  class space    used 8814K, capacity 9453K, committed 9472K, reserved 1048576K
}
Event: 161.112 GC heap after
{Heap after GC invocations=18 (full 0):
 garbage-first heap   total 129024K, used 60923K [0x00000000a0000000, 0x0000000100000000)
  region size 1024K, 7 young (7168K), 7 survivors (7168K)
 Metaspace       used 68030K, capacity 69858K, committed 69888K, reserved 1110016K
  class space    used 8814K, capacity 9453K, committed 9472K, reserved 1048576K
}

Deoptimization events (20 events):
Event: 158.677 Thread 0x000000001dddc800 Uncommon trap: trap_request=0xffffff4d fr.pc=0x000000000dbe70e4 relative=0x0000000000005e44
Event: 158.677 Thread 0x000000001dddc800 Uncommon trap: reason=unstable_if action=reinterpret pc=0x000000000dbe70e4 method=groovy.lang.MetaClassImpl$1MOPIter.methodNameAction(Ljava/lang/Class;Lorg/codehaus/groovy/runtime/metaclass/MetaMethodIndex$Entry;)V @ 277 c2
Event: 158.677 Thread 0x000000001dddc800 DEOPT PACKING pc=0x000000000dbe70e4 sp=0x0000000021621530
Event: 158.677 Thread 0x000000001dddc800 DEOPT UNPACKING pc=0x0000000005fe742f sp=0x0000000021621530 mode 2
Event: 159.239 Thread 0x000000001dddc800 Uncommon trap: trap_request=0xffffff4d fr.pc=0x000000000dc407fc relative=0x00000000000006fc
Event: 159.239 Thread 0x000000001dddc800 Uncommon trap: reason=unstable_if action=reinterpret pc=0x000000000dc407fc method=java.util.HashMap.putVal(ILjava/lang/Object;Ljava/lang/Object;ZZ)Ljava/lang/Object; @ 109 c2
Event: 159.239 Thread 0x000000001dddc800 DEOPT PACKING pc=0x000000000dc407fc sp=0x0000000021621c50
Event: 159.239 Thread 0x000000001dddc800 DEOPT UNPACKING pc=0x0000000005fe742f sp=0x0000000021621b68 mode 2
Event: 159.239 Thread 0x000000001dddc800 Uncommon trap: trap_request=0xffffff4d fr.pc=0x000000000dc216fc relative=0x000000000000067c
Event: 159.239 Thread 0x000000001dddc800 Uncommon trap: reason=unstable_if action=reinterpret pc=0x000000000dc216fc method=java.util.HashMap.putVal(ILjava/lang/Object;Ljava/lang/Object;ZZ)Ljava/lang/Object; @ 109 c2
Event: 159.239 Thread 0x000000001dddc800 DEOPT PACKING pc=0x000000000dc216fc sp=0x0000000021621ba0
Event: 159.239 Thread 0x000000001dddc800 DEOPT UNPACKING pc=0x0000000005fe742f sp=0x0000000021621b58 mode 2
Event: 161.384 Thread 0x000000001dddc800 Uncommon trap: trap_request=0xffffffbe fr.pc=0x000000000dd0e3bc relative=0x0000000000000b9c
Event: 161.384 Thread 0x000000001dddc800 Uncommon trap: reason=profile_predicate action=maybe_recompile pc=0x000000000dd0e3bc method=java.util.TreeMap.getEntryUsingComparator(Ljava/lang/Object;)Ljava/util/TreeMap$Entry; @ 19 c2
Event: 161.384 Thread 0x000000001dddc800 DEOPT PACKING pc=0x000000000dd0e3bc sp=0x0000000021624960
Event: 161.384 Thread 0x000000001dddc800 DEOPT UNPACKING pc=0x0000000005fe742f sp=0x0000000021624880 mode 2
Event: 162.023 Thread 0x000000001dddc800 DEOPT PACKING pc=0x00000000072cc1b8 sp=0x0000000021623700
Event: 162.023 Thread 0x000000001dddc800 DEOPT UNPACKING pc=0x0000000005fe724e sp=0x0000000021622c08 mode 0
Event: 162.661 Thread 0x000000001dddc800 DEOPT PACKING pc=0x000000000717ab70 sp=0x0000000021624160
Event: 162.661 Thread 0x000000001dddc800 DEOPT UNPACKING pc=0x0000000005fe724e sp=0x0000000021623638 mode 0

Classes redefined (0 events):
No events

Internal exceptions (20 events):
Event: 160.932 Thread 0x000000001dddc800 Exception <a 'java/lang/ClassNotFoundException'{0x00000000a5d555d8}: com/android/build/gradle/tasks/MergeSourceSetFolders_DecoratedBeanInfo> (0x00000000a5d555d8) thrown at [./src/hotspot/share/classfile/systemDictionary.cpp, line 231]
Event: 160.934 Thread 0x000000001dddc800 Exception <a 'java/lang/ClassNotFoundException'{0x00000000a5d70758}: com/android/build/gradle/tasks/MergeSourceSetFoldersBeanInfo> (0x00000000a5d70758) thrown at [./src/hotspot/share/classfile/systemDictionary.cpp, line 231]
Event: 160.936 Thread 0x000000001dddc800 Exception <a 'java/lang/ClassNotFoundException'{0x00000000a5d8bc08}: com/android/build/gradle/internal/tasks/IncrementalTaskBeanInfo> (0x00000000a5d8bc08) thrown at [./src/hotspot/share/classfile/systemDictionary.cpp, line 231]
Event: 160.942 Thread 0x000000001dddc800 Exception <a 'java/lang/ClassNotFoundException'{0x00000000a5da75b8}: com/android/build/gradle/internal/tasks/AndroidVariantTaskBeanInfo> (0x00000000a5da75b8) thrown at [./src/hotspot/share/classfile/systemDictionary.cpp, line 231]
Event: 160.949 Thread 0x000000001dddc800 Exception <a 'java/lang/ClassNotFoundException'{0x00000000a5dc3658}: com/android/build/gradle/internal/tasks/AndroidVariantTaskCustomizer> (0x00000000a5dc3658) thrown at [./src/hotspot/share/classfile/systemDictionary.cpp, line 231]
Event: 160.954 Thread 0x000000001dddc800 Exception <a 'java/lang/ClassNotFoundException'{0x00000000a5df02e0}: com/android/build/gradle/internal/tasks/IncrementalTaskCustomizer> (0x00000000a5df02e0) thrown at [./src/hotspot/share/classfile/systemDictionary.cpp, line 231]
Event: 160.957 Thread 0x000000001dddc800 Exception <a 'java/lang/ClassNotFoundException'{0x00000000a5c1af70}: com/android/build/gradle/tasks/MergeSourceSetFoldersCustomizer> (0x00000000a5c1af70) thrown at [./src/hotspot/share/classfile/systemDictionary.cpp, line 231]
Event: 160.965 Thread 0x000000001dddc800 Exception <a 'java/lang/ClassNotFoundException'{0x00000000a5c59cc8}: com/android/build/gradle/tasks/MergeSourceSetFolders_DecoratedCustomizer> (0x00000000a5c59cc8) thrown at [./src/hotspot/share/classfile/systemDictionary.cpp, line 231]
Event: 161.212 Thread 0x000000001dddc800 Exception <a 'java/lang/ClassNotFoundException'{0x00000000a7c1f1f0}: com/android/build/gradle/internal/res/LinkApplicationAndroidResourcesTask_DecoratedBeanInfo> (0x00000000a7c1f1f0) thrown at [./src/hotspot/share/classfile/systemDictionary.cpp, line 231]
Event: 161.215 Thread 0x000000001dddc800 Exception <a 'java/lang/ClassNotFoundException'{0x00000000a7c3a628}: com/android/build/gradle/internal/res/LinkApplicationAndroidResourcesTaskBeanInfo> (0x00000000a7c3a628) thrown at [./src/hotspot/share/classfile/systemDictionary.cpp, line 231]
Event: 161.217 Thread 0x000000001dddc800 Exception <a 'java/lang/ClassNotFoundException'{0x00000000a7c54308}: com/android/build/gradle/tasks/ProcessAndroidResourcesBeanInfo> (0x00000000a7c54308) thrown at [./src/hotspot/share/classfile/systemDictionary.cpp, line 231]
Event: 161.219 Thread 0x000000001dddc800 Exception <a 'java/lang/ClassNotFoundException'{0x00000000a7c6dd38}: com/android/build/gradle/tasks/ProcessAndroidResourcesCustomizer> (0x00000000a7c6dd38) thrown at [./src/hotspot/share/classfile/systemDictionary.cpp, line 231]
Event: 161.223 Thread 0x000000001dddc800 Exception <a 'java/lang/ClassNotFoundException'{0x00000000a7c9e868}: com/android/build/gradle/internal/res/LinkApplicationAndroidResourcesTaskCustomizer> (0x00000000a7c9e868) thrown at [./src/hotspot/share/classfile/systemDictionary.cpp, line 231]
Event: 161.233 Thread 0x000000001dddc800 Exception <a 'java/lang/ClassNotFoundException'{0x00000000a7b1b100}: com/android/build/gradle/internal/res/LinkApplicationAndroidResourcesTask_DecoratedCustomizer> (0x00000000a7b1b100) thrown at [./src/hotspot/share/classfile/systemDictionary.cpp, line 231]
Event: 162.665 Thread 0x000000001dddc800 Exception <a 'java/lang/ClassNotFoundException'{0x00000000a7332398}: org/gradle/api/internal/file/collections/DefaultConfigurableFileTreeBeanInfo> (0x00000000a7332398) thrown at [./src/hotspot/share/classfile/systemDictionary.cpp, line 231]
Event: 162.669 Thread 0x000000001dddc800 Exception <a 'java/lang/ClassNotFoundException'{0x00000000a7360428}: org/gradle/api/internal/file/CompositeFileTreeBeanInfo> (0x00000000a7360428) thrown at [./src/hotspot/share/classfile/systemDictionary.cpp, line 231]
Event: 162.672 Thread 0x000000001dddc800 Exception <a 'java/lang/ClassNotFoundException'{0x00000000a7391110}: org/gradle/api/internal/file/CompositeFileCollectionBeanInfo> (0x00000000a7391110) thrown at [./src/hotspot/share/classfile/systemDictionary.cpp, line 231]
Event: 162.675 Thread 0x000000001dddc800 Exception <a 'java/lang/ClassNotFoundException'{0x00000000a73c1770}: org/gradle/api/internal/file/CompositeFileCollectionCustomizer> (0x00000000a73c1770) thrown at [./src/hotspot/share/classfile/systemDictionary.cpp, line 231]
Event: 162.680 Thread 0x000000001dddc800 Exception <a 'java/lang/ClassNotFoundException'{0x00000000a73fbe40}: org/gradle/api/internal/file/CompositeFileTreeCustomizer> (0x00000000a73fbe40) thrown at [./src/hotspot/share/classfile/systemDictionary.cpp, line 231]
Event: 162.685 Thread 0x000000001dddc800 Exception <a 'java/lang/ClassNotFoundException'{0x00000000a723bf50}: org/gradle/api/internal/file/collections/DefaultConfigurableFileTreeCustomizer> (0x00000000a723bf50) thrown at [./src/hotspot/share/classfile/systemDictionary.cpp, line 231]

Events (20 events):
Event: 163.900 loading class org/jetbrains/kotlin/gradle/internal/AndroidExtensionsSubpluginIndicator
Event: 163.900 loading class org/jetbrains/kotlin/gradle/internal/AndroidExtensionsSubpluginIndicator done
Event: 163.902 loading class org/jetbrains/kotlin/gradle/scripting/internal/ScriptingGradleSubplugin
Event: 163.902 loading class org/jetbrains/kotlin/gradle/scripting/internal/ScriptingGradleSubplugin done
Event: 163.927 loading class org/jetbrains/kotlin/gradle/scripting/internal/ScriptingGradleSubplugin$Companion
Event: 163.927 loading class org/jetbrains/kotlin/gradle/scripting/internal/ScriptingGradleSubplugin$Companion done
Event: 164.115 loading class org/jetbrains/kotlin/gradle/internal/Kapt3KotlinGradleSubpluginKt
Event: 164.115 loading class org/jetbrains/kotlin/gradle/internal/Kapt3KotlinGradleSubpluginKt done
Event: 164.150 loading class org/jetbrains/kotlin/gradle/plugin/AbstractAndroidProjectHandler$addKotlinDependenciesToAndroidSourceSets$1
Event: 164.150 loading class org/jetbrains/kotlin/gradle/plugin/AbstractAndroidProjectHandler$addKotlinDependenciesToAndroidSourceSets$1 done
Event: 164.192 loading class kotlin/jvm/functions/Function5
Event: 164.192 loading class kotlin/jvm/functions/Function5 done
Event: 164.196 loading class org/jetbrains/kotlin/gradle/plugin/mpp/KotlinMultiplatformPluginKt$applyUserDefinedAttributes$1$1
Event: 164.196 loading class org/jetbrains/kotlin/gradle/plugin/mpp/KotlinMultiplatformPluginKt$applyUserDefinedAttributes$1$1 done
Event: 164.262 loading class org/jetbrains/kotlin/gradle/plugin/mpp/KotlinAndroidTarget$checkPublishLibraryVariantsExist$1
Event: 164.262 loading class org/jetbrains/kotlin/gradle/plugin/mpp/KotlinAndroidTarget$checkPublishLibraryVariantsExist$1 done
Event: 164.294 loading class org/jetbrains/kotlin/gradle/plugin/KotlinPluginWrapperKt$getKotlinPluginVersion$1
Event: 164.294 loading class org/jetbrains/kotlin/gradle/plugin/KotlinPluginWrapperKt$getKotlinPluginVersion$1 done
Event: 164.360 loading class org/jetbrains/kotlin/gradle/plugin/mpp/KotlinAndroidTarget$checkPublishLibraryVariantsExist$1$getLibraryVariantNames$$inlined$apply$lambda$1
Event: 164.360 loading class org/jetbrains/kotlin/gradle/plugin/mpp/KotlinAndroidTarget$checkPublishLibraryVariantsExist$1$getLibraryVariantNames$$inlined$apply$lambda$1 done


Dynamic libraries:
0x000000013f570000 - 0x000000013f57a000 	C:\dev\android-studio\jre\bin\java.exe
0x0000000076d90000 - 0x0000000076f2f000 	C:\Windows\SYSTEM32\ntdll.dll
0x000007feed370000 - 0x000007feed383000 	C:\Program Files\AVG\Antivirus\aswhook.dll
0x0000000076b70000 - 0x0000000076c8f000 	C:\Windows\system32\kernel32.dll
0x000007fefca90000 - 0x000007fefcaf7000 	C:\Windows\system32\KERNELBASE.dll
0x000007fede140000 - 0x000007fede159000 	C:\dev\android-studio\jre\bin\jli.dll
0x000007fefc090000 - 0x000007fefc285000 	C:\Windows\WinSxS\amd64_microsoft.windows.common-controls_6595b64144ccf1df_6.0.7601.24483_none_e372d88f30fbb845\COMCTL32.dll
0x000007fefd0b0000 - 0x000007fefd14f000 	C:\Windows\system32\msvcrt.dll
0x000007fefebd0000 - 0x000007fefec37000 	C:\Windows\system32\GDI32.dll
0x0000000076c90000 - 0x0000000076d8b000 	C:\Windows\system32\USER32.dll
0x000007fefe6d0000 - 0x000007fefe6de000 	C:\Windows\system32\LPK.dll
0x000007fefea60000 - 0x000007fefeb2b000 	C:\Windows\system32\USP10.dll
0x000007fefe990000 - 0x000007fefea01000 	C:\Windows\system32\SHLWAPI.dll
0x000007fee40b0000 - 0x000007fee40c7000 	C:\dev\android-studio\jre\bin\VCRUNTIME140.dll
0x000007feedc00000 - 0x000007feedc04000 	C:\Windows\system32\api-ms-win-crt-runtime-l1-1-0.dll
0x000007feebc50000 - 0x000007feebd44000 	C:\Windows\system32\ucrtbase.DLL
0x000007feedbf0000 - 0x000007feedbf3000 	C:\Windows\system32\api-ms-win-core-timezone-l1-1-0.dll
0x000007feeda50000 - 0x000007feeda53000 	C:\Windows\system32\api-ms-win-core-file-l2-1-0.dll
0x000007feec000000 - 0x000007feec003000 	C:\Windows\system32\api-ms-win-core-localization-l1-2-0.dll
0x000007fefb110000 - 0x000007fefb113000 	C:\Windows\system32\api-ms-win-core-synch-l1-2-0.dll
0x000007feebc30000 - 0x000007feebc33000 	C:\Windows\system32\api-ms-win-core-processthreads-l1-1-1.dll
0x000007feebc40000 - 0x000007feebc43000 	C:\Windows\system32\api-ms-win-core-file-l1-2-0.dll
0x000007feebc20000 - 0x000007feebc24000 	C:\Windows\system32\api-ms-win-crt-string-l1-1-0.dll
0x000007feebc10000 - 0x000007feebc13000 	C:\Windows\system32\api-ms-win-crt-heap-l1-1-0.dll
0x000007feebbf0000 - 0x000007feebbf4000 	C:\Windows\system32\api-ms-win-crt-stdio-l1-1-0.dll
0x000007feebc00000 - 0x000007feebc04000 	C:\Windows\system32\api-ms-win-crt-convert-l1-1-0.dll
0x000007feebbd0000 - 0x000007feebbd3000 	C:\Windows\system32\api-ms-win-crt-environment-l1-1-0.dll
0x000007feeb6f0000 - 0x000007feeb6f3000 	C:\Windows\system32\api-ms-win-crt-filesystem-l1-1-0.dll
0x000007feeb640000 - 0x000007feeb645000 	C:\Windows\system32\api-ms-win-crt-math-l1-1-0.dll
0x000007feea6a0000 - 0x000007feea6a3000 	C:\Windows\system32\api-ms-win-crt-locale-l1-1-0.dll
0x000007fefd150000 - 0x000007fefd17e000 	C:\Windows\system32\IMM32.DLL
0x000007fefe5c0000 - 0x000007fefe6cb000 	C:\Windows\system32\MSCTF.dll
0x000007fefc7e0000 - 0x000007fefc810000 	C:\Windows\system32\nvinitx.dll
0x000007fefc7d0000 - 0x000007fefc7dc000 	C:\Windows\system32\VERSION.dll
0x000007fefefa0000 - 0x000007feff07b000 	C:\Windows\system32\ADVAPI32.dll
0x000007fefce30000 - 0x000007fefce4f000 	C:\Windows\SYSTEM32\sechost.dll
0x000007fefe860000 - 0x000007fefe98c000 	C:\Windows\system32\RPCRT4.dll
0x00000000744a0000 - 0x00000000744a6000 	C:\Program Files\NVIDIA Corporation\CoProcManager\detoured.dll
0x000007fef9910000 - 0x000007fef9948000 	C:\Program Files\NVIDIA Corporation\CoProcManager\nvd3d9wrapx.dll
0x000007fefced0000 - 0x000007fefd0a7000 	C:\Windows\system32\SETUPAPI.dll
0x000007fefc940000 - 0x000007fefc976000 	C:\Windows\system32\CFGMGR32.dll
0x000007fefe6e0000 - 0x000007fefe7bb000 	C:\Windows\system32\OLEAUT32.dll
0x000007fefd630000 - 0x000007fefd82f000 	C:\Windows\system32\ole32.dll
0x000007fefca40000 - 0x000007fefca5a000 	C:\Windows\system32\DEVOBJ.dll
0x000007fef98c0000 - 0x000007fef98e4000 	C:\Program Files\NVIDIA Corporation\CoProcManager\nvdxgiwrapx.dll
0x000007fedd7b0000 - 0x000007fedd84d000 	C:\dev\android-studio\jre\bin\msvcp140.dll
0x000007fedf860000 - 0x000007fedf865000 	C:\Windows\system32\api-ms-win-crt-multibyte-l1-1-0.dll
0x000007feeb5b0000 - 0x000007feeb5b3000 	C:\Windows\system32\api-ms-win-crt-time-l1-1-0.dll
0x000007feebbe0000 - 0x000007feebbe3000 	C:\Windows\system32\api-ms-win-crt-utility-l1-1-0.dll
0x000007fec4490000 - 0x000007fec4f4c000 	C:\dev\android-studio\jre\bin\server\jvm.dll
0x000007fef8eb0000 - 0x000007fef8eb9000 	C:\Windows\system32\WSOCK32.dll
0x000007fefea10000 - 0x000007fefea5d000 	C:\Windows\system32\WS2_32.dll
0x000007fefec40000 - 0x000007fefec48000 	C:\Windows\system32\NSI.dll
0x000007fef91d0000 - 0x000007fef920b000 	C:\Windows\system32\WINMM.dll
0x0000000076f30000 - 0x0000000076f37000 	C:\Windows\system32\PSAPI.DLL
0x000007feea900000 - 0x000007feea911000 	C:\dev\android-studio\jre\bin\verify.dll
0x000007fefb6d0000 - 0x000007fefb7f5000 	C:\Windows\system32\DBGHELP.DLL
0x000007feeaf70000 - 0x000007feeaf99000 	C:\dev\android-studio\jre\bin\java.dll
0x000007feeb630000 - 0x000007feeb63b000 	C:\dev\android-studio\jre\bin\jimage.dll
0x000007feea8e0000 - 0x000007feea8f8000 	C:\dev\android-studio\jre\bin\zip.dll
0x000007fefd830000 - 0x000007fefe5bb000 	C:\Windows\system32\SHELL32.dll
0x000007fefc8f0000 - 0x000007fefc8ff000 	C:\Windows\system32\profapi.dll
0x000007feea8c0000 - 0x000007feea8da000 	C:\dev\android-studio\jre\bin\net.dll
0x000007fef6460000 - 0x000007fef64d1000 	C:\Windows\system32\WINHTTP.dll
0x000007fef63f0000 - 0x000007fef6455000 	C:\Windows\system32\webio.dll
0x000007fefbce0000 - 0x000007fefbd35000 	C:\Windows\system32\mswsock.dll
0x000007fefbcd0000 - 0x000007fefbcd7000 	C:\Windows\System32\wship6.dll
0x000007feea8a0000 - 0x000007feea8b4000 	C:\dev\android-studio\jre\bin\nio.dll
0x000007feedb60000 - 0x000007feedb86000 	C:\Users\Vicki\.gradle\native\fdc75f09e3144964f2cf3f50f0aa648679c211496f362492102eb8c894070792\windows-amd64\native-platform.dll
0x000007fedaa60000 - 0x000007fedabf1000 	C:\Users\Vicki\.gradle\native\12488b8bf47d2d4c9fbf2f6322a914ad602e24e48041cd04a747c6da556b65c4\windows-amd64\native-platform-file-events.dll
0x000007feea890000 - 0x000007feea89a000 	C:\dev\android-studio\jre\bin\management.dll
0x000007feea870000 - 0x000007feea87c000 	C:\dev\android-studio\jre\bin\management_ext.dll
0x000007fefbd40000 - 0x000007fefbd58000 	C:\Windows\system32\CRYPTSP.dll
0x000007fefba40000 - 0x000007fefba87000 	C:\Windows\system32\rsaenh.dll
0x000007fefcc80000 - 0x000007fefcc9f000 	C:\Windows\system32\USERENV.dll
0x000007fefc6a0000 - 0x000007fefc6af000 	C:\Windows\system32\CRYPTBASE.dll
0x000007fef9880000 - 0x000007fef98a7000 	C:\Windows\system32\IPHLPAPI.DLL
0x000007fef96a0000 - 0x000007fef96ab000 	C:\Windows\system32\WINNSI.DLL
0x000007fef94f0000 - 0x000007fef9508000 	C:\Windows\system32\dhcpcsvc.DLL
0x000007fef94d0000 - 0x000007fef94e1000 	C:\Windows\system32\dhcpcsvc6.DLL

dbghelp: loaded successfully - version: 4.0.5 - missing functions: none
symbol engine: initialized successfully - sym options: 0x614 - pdb path: .;C:\dev\android-studio\jre\bin;C:\Windows\SYSTEM32;C:\Program Files\AVG\Antivirus;C:\Windows\WinSxS\amd64_microsoft.windows.common-controls_6595b64144ccf1df_6.0.7601.24483_none_e372d88f30fbb845;C:\Program Files\NVIDIA Corporation\CoProcManager;C:\dev\android-studio\jre\bin\server;C:\Users\Vicki\.gradle\native\fdc75f09e3144964f2cf3f50f0aa648679c211496f362492102eb8c894070792\windows-amd64;C:\Users\Vicki\.gradle\native\12488b8bf47d2d4c9fbf2f6322a914ad602e24e48041cd04a747c6da556b65c4\windows-amd64

VM Arguments:
jvm_args: --add-opens=java.base/java.util=ALL-UNNAMED --add-opens=java.base/java.lang=ALL-UNNAMED --add-opens=java.base/java.lang.invoke=ALL-UNNAMED --add-opens=java.prefs/java.util.prefs=ALL-UNNAMED -Xmx1536M -Dfile.encoding=x-windows-950 -Duser.country=HK -Duser.language=zh -Duser.variant 
java_command: org.gradle.launcher.daemon.bootstrap.GradleDaemon 6.7
java_class_path (initial): C:\Users\Vicki\.gradle\wrapper\dists\gradle-6.7-all\cuy9mc7upwgwgeb72wkcrupxe\gradle-6.7\lib\gradle-launcher-6.7.jar
Launcher Type: SUN_STANDARD

[Global flags]
     intx CICompilerCount                          = 3                                         {product} {ergonomic}
     uint ConcGCThreads                            = 1                                         {product} {ergonomic}
     uint G1ConcRefinementThreads                  = 4                                         {product} {ergonomic}
   size_t G1HeapRegionSize                         = 1048576                                   {product} {ergonomic}
    uintx GCDrainStackTargetSize                   = 64                                        {product} {ergonomic}
   size_t InitialHeapSize                          = 132120576                                 {product} {ergonomic}
   size_t MarkStackSize                            = 4194304                                   {product} {ergonomic}
   size_t MaxHeapSize                              = 1610612736                                {product} {command line}
   size_t MaxNewSize                               = 965738496                                 {product} {ergonomic}
   size_t MinHeapDeltaBytes                        = 1048576                                   {product} {ergonomic}
    uintx NonNMethodCodeHeapSize                   = 5830732                                {pd product} {ergonomic}
    uintx NonProfiledCodeHeapSize                  = 122913754                              {pd product} {ergonomic}
    uintx ProfiledCodeHeapSize                     = 122913754                              {pd product} {ergonomic}
    uintx ReservedCodeCacheSize                    = 251658240                              {pd product} {ergonomic}
     bool SegmentedCodeCache                       = true                                      {product} {ergonomic}
     bool UseCompressedClassPointers               = true                                 {lp64_product} {ergonomic}
     bool UseCompressedOops                        = true                                 {lp64_product} {ergonomic}
     bool UseG1GC                                  = true                                      {product} {ergonomic}
     bool UseLargePagesIndividualAllocation        = false                                  {pd product} {ergonomic}

Logging:
Log output configuration:
 #0: stdout all=warning uptime,level,tags
 #1: stderr all=off uptime,level,tags

Environment Variables:
JAVA_HOME=C:\dev\android-studio\jre
CLASSPATH=C:\dev2\flutterup\moving_puzzle\android\\gradle\wrapper\gradle-wrapper.jar
PATH=C:\Program Files\Common Files\Microsoft Shared\Windows Live;C:\Program Files (x86)\Common Files\Microsoft Shared\Windows Live;C:\Windows\system32;C:\Windows;C:\Windows\System32\Wbem;C:\Windows\System32\WindowsPowerShell\v1.0\;C:\Program Files (x86)\Windows Live\Shared;C:\Program Files\WIDCOMM\Bluetooth Software\;C:\Program Files\WIDCOMM\Bluetooth Software\syswow64;C:\Program Files (x86)\QuickTime\QTSystem\;C:\Program Files\Common Files\Autodesk Shared\;C:\Program Files (x86)\Skype\Phone\;C:\Windows\System32\WindowsPowerShell\v1.0\;C:\Program Files\PowerShell\7\;C:\Windows\System32\WindowsPowerShell\v1.0\;C:\dev\flutter\bin;C:\dev\git;C:\dev\git\cmd;C:\dev\MinGW-w64\bin;C:\dev\node;C:\dev\node\node_modules;C:\dev\VSCode;C:\Program Files (x86)\gfortran\bin;C:\dev\flutter\bin\mingit\cmd
USERNAME=Vicki
OS=Windows_NT
PROCESSOR_IDENTIFIER=Intel64 Family 6 Model 42 Stepping 7, GenuineIntel



---------------  S Y S T E M  ---------------

OS: Windows 7 , 64 bit Build 7601 (6.1.7601.24545)
OS uptime: 0 days 5:58 hours

CPU:total 4 (initial active 4) (2 cores per cpu, 2 threads per core) family 6 model 42 stepping 7, cmov, cx8, fxsr, mmx, sse, sse2, sse3, ssse3, sse4.1, sse4.2, popcnt, avx, clmul, ht, tsc, tscinvbit

Memory: 4k page, system-wide physical 8043M (838M free)
TotalPageFile size 16085M (AvailPageFile size 6222M)
current process WorkingSet (physical memory assigned to process): 351M, peak: 355M
current process commit charge ("private bytes"): 386M, peak: 391M

vm_info: OpenJDK 64-Bit Server VM (11.0.8+10-b944.6842174) for windows-amd64 JRE (11.0.8+10-b944.6842174), built on Sep 19 2020 01:11:42 by "builder" with MS VC++ 14.0 (VS2015)

END.
